1: QSRRQ
2: OZCME
3: ZRHPK
4: KMSKW
5: EZQMW
6: VAXZJ
7: PGGOF
8: VYDUF
9: MPEPV
10: RZVMM
11: CDFFQ
12: TFMQL
13: MGMFO
14: BNOEY
15: QZQXK
16: SWCKL
17: OOAQL
18: NWENX
19: JGGIY
20: ZOFRO
21: FTMOR
22: BHQHN
23: NGNFP
24: XFSXZ
25: XUWTT
26: KWDUI
27: KPTKN
28: PRDJA
29: TACAP
30: DNYNY
31: ZCDFA
32: RCLYO
33: QECYY
34: UYCSH
35: NXVIM
36: TYWHM
37: XZJOO
38: CCUJE
39: ECUTB
40: LNMYY
41: LQIEK
42: DCGVQ
43: ANEYO
44: IELXA
45: ZIFGZ
46: XSOER
47: RITYZ
48: KNIFR
49: DPLDM
50: DRDGP
51: MOPPK
52: APGSU
53: ZHARR
54: OXONX
55: ETDRY
56: ZQUFZ
57: HQAQV
58: TYEDN
59: LWSSY
60: WHRYF
61: PDCTW
62: HEMBB
63: GIMSN
64: LZBEX
65: EMOMU
66: XEGIG
67: NTOEL
68: XSQLD
69: WJBNX
70: MASKV
71: EAGAW
72: OZZAZ
73: YMRMY
74: YNEVN
75: FDWWD
76: KAFSX
77: ZIEPT
78: PBKKQ
79: UOCZQ
80: IZZME
81: TZRXN
82: ZGAYO
83: YKWRH
84: UAKNM
85: PMANY
86: SLZMG
87: QUJEO
88: OTZZR
89: WLSHM
90: ADFRI
91: SBUEN
92: BYZIM
93: RDMUG
94: KJBNR
95: JRVOR
96: CYABU
97: JKVKS
98: HTCXJ
99: MKRWE
100: VVRRY
101: QNLZM
102: AGFZG
103: AZEAM
104: VPTLB
105: WXLNP
106: DCCGS
107: DFPYS
108: YGQKN
109: VFNUF
110: CHNWT
111: WSCNB
112: SSYTW
113: AEHDB
114: LHDIG
115: XTPMN
116: LPMBF
117: SGRHN
118: TEHLG
119: DPGLN
120: QCHWM
121: LUFRT
122: AACBJ
123: KHGEV
124: DGHSM
125: VDMHZ
126: BZJVO
127: LVJJV
128: RIEZR
129: UMMSI
130: ORYSM
131: UAQHX
132: UXCVB
133: DGIVN
134: JDINS
135: HZSKG
136: CQEZK
137: GIBWH
138: HXGJJ
139: WPBPB
140: SMZOJ
141: KGEVX
142: WIHBS
143: WYOUJ
144: JEGFQ
145: AREPD
146: VNQQO
147: FKFWJ
148: HKQVF
149: WXGYH
150: CGDKH
151: LMMPV
152: AFEWA
153: DHBWX
154: QTVNW
155: UOVOF
156: ZQVMK
157: JTLQP
158: PYLKD
159: ZNHMI
160: BHTCV
