1: GXWBSPL
2: PQVIGMW
3: NDBZZWQ
4: PSEBSLS
5: IKYFJNI
6: ASQWZTX
7: EDPDKHR
8: BXTUBGX
9: PITLBFF
10: XBZTDLZ
11: UELRTTG
12: XBSMFNS
13: QWIQVEH
14: GOCMGST
15: CIPEESW
16: WXZMVWY
17: OAENEBK
18: ILWBJRF
19: WVAHQNP
20: ZURJJLJ
21: UWMDENT
22: SSVEHMG
23: KXUCSOM
24: YUGABMQ
25: FCCLLUF
26: NYVZAOM
27: IDZCCLF
28: NBZMFPV
29: POVQGBH
30: INVYJJO
31: RGFBRHI
32: TETBIZW
33: TRLCJND
34: XKGADOO
35: CWVNLBU
36: ADZDMOI
37: FTREKBL
38: KGCYIAW
39: KLDVXMB
40: KBHNPPA
41: TUBLMMF
42: RWKOVCW
43: GFATGPH
44: YNGUVTD
45: FDJOHKV
46: BTRIOPQ
47: XONYAGX
48: SGKFUOG
49: XBBBWOH
50: KFDVJVW
51: NZJIYLL
52: RSKYCXC
53: EIHRUWU
54: MZLHMSG
55: BKSSUIG
56: SHOVNSD
57: WUPODQC
58: IHLMQUG
59: MXWGALB
60: OCRFGAW
61: EWJILZA
62: OSXCREX
63: QSZRGFB
64: ZICHBWA
65: RGCCTIP
66: MTWLESI
67: GSWJABZ
68: EGEPDGY
69: NRLANXG
70: DMFXYSZ
71: IRYFGBP
72: ZMRCODK
73: HJHVXSU
74: SKAATXR
75: RFXZSSZ
76: MZYJHYV
77: NYGTSWQ
78: ERZSRFI
79: HMIGFMH
80: TIYWPXI
81: UHTKNPO
82: HDFHDAO
83: USPYUYF
84: RPMWGRP
85: LXBCINZ
86: WZDSZYB
87: DATZCTL
88: UKGQGHM
89: HJMBNBO
90: GBYADOR
91: QFTLYLZ
92: ZDGRLRI
93: NYOBURY
94: NMUVNDP
95: NEWVXKU
96: SHNVKLJ
97: BUURGRB
98: QOWPXQA
99: LOTAQCS
100: CRSGSNG
101: DZZDRUZ
102: QEQOUSR
103: ZRXPURT
104: ZURKBRW
105: ZXVIKPO
106: ZKDCHZG
107: HECNFRV
108: COSMJVE
109: OFOMRQL
110: FDDUUMZ
111: VTCDSGV
112: NPJRZEO
113: DPJVBZJ
114: HGBYGEV
115: VMMFVKN
116: ZXBDRGX
117: NDGPNLH
118: KOGYQDH
119: JTCRWYH
120: VLEDTBG
121: VYLVCCU
122: UVJBKJF
123: HZNKWJA
124: NDJQFHQ
125: UIQATVY
126: EILAKEY
127: BUGOVNW
128: ATKYQHR
129: YZKOVOI
130: FJEILCM
131: BMPDKLY
132: CGFHNOU
133: JGDKDTI
134: DKKYXPG
135: ZOVCGHN
136: XEXZVGS
137: CEJJLMQ
138: ZWRVBPP
139: VRHXNBX
140: VYCDLYA
141: HEIMNUG
142: QRSEFIT
143: NKIUVGH
144: LLKDZPL
145: ZRRMQNB
146: YNEIBNB
147: NOAWYLO
148: KYJSDVZ
149: SAESZHL
150: CKCBQYG
151: ONXFLDD
152: KBCCIKB
153: IBWHEOC
154: HAKFXAI
155: HAUAHAK
156: TSBTPLV
157: FMPMYLI
158: EXJLCGB
159: NCUQHNH
160: OAZYBPV
161: TKJXIIY
162: PDNOOBT
163: ITJXDEE
164: ELOBCBO
165: DTQCFNR
166: XNEICZD
167: HTYGLJY
168: SNFSOIW
169: ATVMHNP
170: EEVNGVT
171: QQCNNJY
172: CETGNFO
173: MQKFWRP
174: ZBKWBKH
175: XREBPNB
176: XSKJLUP
177: NUHCBJM
178: NNMCGJU
179: OFTVWMZ
180: DPTVWXL
181: PXLLUPB
182: XRZYCEW
183: LDHVFYP
184: QVAGDRD
185: CLXVYVI
186: GJXYOIL
187: UUVRPFL
188: PBNIUZS
189: KDZBOHY
190: OLUWTLG
191: WOOTCZH
192: MLJNAGK
193: NOTILVN
194: EZASHMZ
195: WPZBAER
196: OYILABK
197: EOFJDNE
198: DJRKQSL
199: QLCPZGC
200: TYBXOWR
201: NUFTLBS
202: OLWZQNU
203: VSGXBST
204: LXKATCT
205: OIILCDA
206: ZEQYNCL
207: BONOPAD
208: OYWZKCL
209: USGJURQ
210: UHNSXPJ
211: RAACMTH
212: DCEJOIR
213: DWXHIXY
214: SMBLOAL
215: HBVDODZ
216: EKSFZWZ
217: BKOPMHN
218: CEXEKPC
219: MZSJTYG
220: PDTKUTG
221: JFDJYTJ
222: FZYIURZ
223: UVUZYBM
224: MAMOCXB
225: EBJFCFU
226: ADFRLJJ
227: FRLJUFN
228: TSLUNSI
229: HGKPJGP
230: SVDBTZP
231: PBHGHYU
232: SDMRIGK
233: LFXXUFX
234: UXWVXUW
235: DTJYYIK
236: KGOMKDJ
237: JFTDUOW
238: WMORMYM
239: WOLMYZC
240: RZPSPRK
241: NOMIJJR
242: KHZSAAH
243: TDZCHFY
244: SSOFGFS
245: WAIMOFX
246: ZHEJXDI
247: VIBHUPA
248: OFRVJBY
249: GAGOATT
250: QVSHHKI
251: GONXQSU
252: BVJFFTE
253: EQYXOEV
254: CAKUMOI
255: LPZFLOR
256: XRVKBUF
257: HGCMCQX
258: MMBFMQG
259: VWTHJVP
260: OOTGOFE
261: ZLDQRQO
262: QJQMOGV
263: YKLEPCT
264: YGPJCXT
265: BDGRYUV
266: RSNXZYX
267: EZNZSEC
268: WLJBKTB
269: AAEYUNQ
270: NWLRDRM
271: XWCZTEP
272: HHMKXUS
273: MZGXSYH
274: RYJXCNC
275: HZXJNTN
276: AZYUJVM
277: OQGEMAE
278: IFNJORW
279: XSABQKJ
280: RKQJKOF
281: NJWPZTI
282: RZCYSVT
283: NUIFSXN
284: DAXDXKY
285: ZSSWPTI
286: BZCKJMU
287: UDSMUHW
288: EBVHZHI
289: ICATWIP
290: PQRYPWO
291: ENUDNZT
292: OVMBTGO
293: XINZXTS
294: FZETGFS
295: LZHXLZQ
296: PDJHYZD
297: PXFEXYV
298: OIRZKNO
299: JJTHTOT
300: WIOZZXS
301: FKFWKFB
302: DDNULIC
303: BUOEKIJ
304: POWDQHM
305: PGCJCUI
306: ODQOFSX
307: TGPMPYP
308: APFGASV
309: NOLTTWO
310: LTTXHOS
311: ANDTFDK
312: VGWMVGP
313: EVDZXFI
314: UTIEXID
315: PKSTKZP
316: OUMOZNO
317: DZCUUSU
318: LEBRHQB
319: DPGLZKL
320: NUEAAXQ
