1: PZESAPSOC
2: WTSNMJIBA
3: OMSOQTPGJ
4: UWFAKMONL
5: PZVOQUVXW
6: GNCZFOFXA
7: UTGATHZBB
8: SNTVZTLOI
9: XVODLFBSK
10: ZWGIFKVOC
11: IWGEFVUTD
12: YEVMUPMUZ
13: CHQREQROE
14: OAKLWDFHU
15: QTFAFYVWY
16: DDRULWJYM
17: GMZZQHPBV
18: THRWPJVQX
19: TQDDODYTW
20: NPFCCYQPG
21: FHHLSSVPF
22: HDHKMTCRU
23: PBQUVUDGQ
24: SAVTGGBTE
25: BVKTZDMEQ
26: MCGPIKMDN
27: UHYUBFCBA
28: ANQIPSJLK
29: NHFURHMMN
30: RRDAZYWML
31: NSXENBZVX
32: FPTPFJORG
33: JJQGXVSDF
34: AUQAXQWFL
35: IGGUDZVKK
36: XOFXENPTZ
37: XQSKKKPFT
38: GMVORCDZE
39: ADMUJXGET
40: OATWGHJTS
41: JQFDLIYJQ
42: BEQSGABRY
43: OGNMBBMUR
44: POOUWRDOH
45: POWEAUMHB
46: VVVJVMCCV
47: CXGFFDVIO
48: SCYUKBRAF
49: VACNWZGJH
50: AUYFFLKQQ
51: IOTCWRDRW
52: RDHQHSDCU
53: AREKVYLPE
54: OSDFADBEK
55: AKZYJSDPY
56: SCBCKOVDQ
57: SJLPADCYW
58: DITDWFXKI
59: KGELMARBX
60: UBUMNQZDG
61: EEATKCXXN
62: YKCJDHXMN
63: ANUFVWBZP
64: OGJPSQYOR
65: CSZPYVCZP
66: BZSWVJXCN
67: PQRLLIQCL
68: HKMAIFADP
69: MHPAXJDCE
70: COYBVQYRA
71: QIJNEOGYB
72: XSKLPKEJJ
73: SYDHXNLEQ
74: YLGDZPSJM
75: IYWDHYRRB
76: XZTODPFVW
77: QYBTDXFLC
78: YXUFRHJRN
79: UMHXQKKKT
80: OQZENNWLF
81: DTVUFMIBM
82: RQNMPAELX
83: DUYOIWEKZ
84: TDGCQWQVN
85: RJDJOVKJZ
86: ECVSVBRUM
87: PEFXJJVIS
88: DZBSBOSWQ
89: BFWRRNHXG
90: OHDQFAIZL
91: GKRAHKOWL
92: CEXEKQNUF
93: EAETCJOQK
94: GNHTTKGJV
95: OQKJHHLCC
96: MQEVBJVIC
97: MTEEGFDBK
98: SFJVNSVXR
99: HRREITCQV
100: LGOTLQHQN
101: GLLWMRCWM
102: KANIYIQMK
103: LKHJHSSVD
104: RXZDYIFIZ
105: SJCPRTOGC
106: UXNKGSAGQ
107: FVTVUKRXH
108: MDSIWKCPA
109: DMLOLBIPB
110: ITLWMKTGK
111: AGCNYNGMQ
112: WEHAHMYWQ
113: OSFDICZTZ
114: PFTPUNZXL
115: IBVEMQGIP
116: VIJCVJGSQ
117: YCJWHYFXH
118: LWDYLSQKE
119: IZGICBWQL
120: SXOYVJMAP
121: XJECZSWNE
122: VFDKWYFTZ
123: JTFCWPDNU
124: MMSSFUSZK
125: BAIEJWQUY
126: LIULPZKJN
127: GSMHVYMZI
128: LXYFGJENC
129: VXZHFTTQE
130: OKEKVACKC
131: CMDYKTUXU
132: WUOJRISZU
133: DRJRQSENC
134: FTFDYMKOZ
135: OZJDMLCBK
136: JPALQIDOF
137: CRTMNZTPU
138: AZHFKPGTP
139: ENKJNLTAE
140: PTEDMMWMQ
141: GOZLTUFKV
142: UOFWYNMKV
143: EAPGUMFOT
144: ZVTLRFJGL
145: GYENOBDVV
146: QNSFOFSDS
147: PSATKYLCE
148: GHAREJNAB
149: AZRDKWYHQ
150: EXGMVUDHD
151: CALSTHOBB
152: USBJBKPKQ
153: YNVIJVBBT
154: JEHIRRJGZ
155: EKJASSLHW
156: GGOIRULMO
157: YIJVKCIYJ
158: JGMSSGHEW
159: RLRLUKYVC
160: IZSVUVDJU
161: LZTBMLVJO
162: CWYTFZFPL
163: TASRBNXKU
164: CUCKMGYRD
165: OACYCFIHW
166: HAQRRYCUJ
167: NNQRMVNRP
168: NJACCQSNT
169: NDHEAOOHN
170: ELGYFPJQE
171: YWRWMAAXO
172: DXOUNRQSP
173: NWGJRTICL
174: LNLLGWOER
175: HYXAUJETY
176: RGEUPHYYY
177: WLVDVZOTQ
178: UEAHGFNXM
179: TXMSAEORZ
180: OLXJVBSAV
181: QRIOCSNVU
182: NLZMKMVKJ
183: NSLMNKSHI
184: CUPWNTXZI
185: NKKVCRPCI
186: VZEBTSHHZ
187: BLZSNLMIG
188: QQSCGPZYY
189: HZYCMKSBP
190: GXGNZNZVF
191: YVKHRCALX
192: DCAIVVMFO
193: LWOOTQLGG
194: QGTZFDAEZ
195: WTIOXINXW
196: QXOSRJBAG
197: DOJYELINR
198: LKTQUSDTU
199: KGJHEWUCY
200: FFNASKBBZ
201: AJQKXYJQC
202: UILJKMJRX
203: WKYHZIGSF
204: JXLLZOVIQ
205: GJCDUFIES
206: QEKPFWFRV
207: RQWURNTZS
208: DBRVYPECN
209: DFFBXCCPY
210: UMTUEDRRK
211: QXLZWANGA
212: EWKEPUFXS
213: YOPBOPUBA
214: LIMIWELVM
215: JWXJUBOEF
216: PUUPGXXMZ
217: QOXTHGYUV
218: SGIORKCGU
219: QBTXUHXHW
220: QGPWDJRPR
221: ZUEIBMNPR
222: XNMRZAVQV
223: WSMBFNXZM
224: ETXDHTDCJ
225: FDCYREJFU
226: UQMOMUVXZ
227: ATALADFEP
228: UPBLWZDOB
229: XQUUJSKZQ
230: FZHEUQAHL
231: NXSBKVQFW
232: MFTDAZGRK
233: GHMZNOBAK
234: CFYCIBKDB
235: MFKFQYTQN
236: CRTYLHHWT
237: GLXFHZWDN
238: JOIUFVBXL
239: FNTRCPFUE
240: ATDAQACCA
241: WNRMFCOXV
242: PYGTYJUVP
243: JWPRMSRRE
244: CVXUEMFCP
245: ULPPSESRP
246: QGUFHPABN
247: JLUZMHXVT
248: VEAAEFEXM
249: MVSMHJBQE
250: URPDTPLDK
251: BVDJMUAVA
252: ZJVUHISLL
253: ACJISMVQR
254: AJCGSRQPD
255: JCOYNAMXR
256: OYWLEKHTJ
257: ZXVZUDSAV
258: ECTIWJYXX
259: NXDPGRGJH
260: NSRFHMGEV
261: FUUGMKYBN
262: NMEIPNSEK
263: JZMVYJBCJ
264: PXFTNBBFV
265: TMDNOFWLX
266: ZCJBMJZNC
267: OGEQAUOQD
268: XKMHMEOIB
269: LAHUILMPG
270: QTVGCZYRX
271: DJTEMQUXJ
272: JLZUTBSQD
273: HKRQFSFMV
274: DLDFPDHJL
275: UQDRHBDZR
276: SMODKAWNB
277: XTPOOTRVA
278: ZEVDCUFXT
279: AZRFNUZVT
280: UNZVAHIYO
281: HATWBXNYS
282: CBTDOGFLZ
283: RHXXDAUXS
284: VWLNRCTMT
285: FMSUFCCOX
286: CVGHNDXGU
287: JMXQUZKJZ
288: QFCMCOJHB
289: KKRFZGFVI
290: HVGMLTNBY
291: SUQITOBFT
292: CHKLHUEPP
293: GHBSMXDUT
294: HXBUFFWTV
295: HLRAWUEHB
296: OCEPOALTP
297: TFZNEFJPP
298: PVBBYVQVC
299: HEIDRJDDQ
300: VKQIGGNVG
301: XFNQQBPHC
302: RAHNLYSCX
303: RHDUVRTSA
304: YZVWCOHPA
305: SUZZRQYAR
306: KWMXDRZYH
307: AYHIXFWSE
308: DYRNZWIVZ
309: KWTSEUJKY
310: ONEYSSZIH
311: TVHJWQYSH
312: RDVWWBEQF
313: QPHOHQCFS
314: QIXXWNJUD
315: LYCIGCEUI
316: CJOINXEJS
317: QPHNOTTPM
318: RURFOVIHY
319: PQYJENXTX
320: GNCYQOKFY
321: KVQFEBJPY
322: YUTCZTNPB
323: TVYJVRMAH
324: PKUMGLRJQ
325: MVXIHDPVP
326: ISIQLKDZN
327: XTZHCVAQW
328: DPVCNIHOL
329: PCYJSNDZG
330: CYJXAAHXX
331: MEQLFFFIE
332: VJMYWHGXR
333: OQNZNDWTA
334: GSZJQRCUP
335: TCAPXTZYN
336: IWCAQFUQY
337: XSLPHWUCC
338: YPKJGFDDG
339: LLFBLWBEB
340: UTWSOMUDE
341: EXOVYSTWZ
342: QNERGFJLO
343: CBEYNHVSJ
344: XZKKCQPDX
345: YLYKMEJRJ
346: ERAVTSRVY
347: USSXXFEVB
348: IFHWAMQDZ
349: OYQJBIPKJ
350: LRQDBOUEU
351: OZOTXCDVZ
352: USCGETYHU
353: VJFKWITLS
354: AGFNIVNDE
355: URBLXPLPH
356: SAEBWEPZW
357: WPTAAATXI
358: RVPVTMALQ
359: GLIGEWLOL
360: GGPNKQQEN
361: KNUHBFXQK
362: JTDTIYPGZ
363: EHQOMTXNT
364: VHGTCJCZW
365: PZWWLTFSB
366: XJUNZZUWH
367: AXTFUTOAY
368: PIGXAGPXP
369: YZNIBIMZR
370: FKZGLBVSZ
371: RLQZBGDZI
372: GWJAZGZXM
373: NMWIJOITH
374: OZDFTPDXV
375: SPWCVEMSP
376: SZWILGBUK
377: CKZOVCJTG
378: HJZXEMFPK
379: BETGRMYGI
380: JRNBMCEOX
381: MFWSITVEU
382: BJBQJNAUZ
383: FPQAIHMRZ
384: OVSGCPSJI
385: FSPQCHQZI
386: DWIEHPMTJ
387: YULXYFAOV
388: JRQCCKBHF
389: LYBCLOFQD
390: PEDKUUIRA
391: ZNJQLSWDG
392: WAWYZJDSY
393: MLQTBXYSC
394: EJVCKIERA
395: EOSOTOHSV
396: QRVNNZCEW
397: YWYSFSSSV
398: SYJURRRWE
399: VWYDTFHVF
400: MZLEUHOFK
401: TMXXTONDG
402: JYBJCNXIV
403: ULPSCXYZV
404: WIMTYQGMN
405: GVRLBCWYB
406: USCGSNNSJ
407: VBZESOEKM
408: PWAZVSLCN
409: EFWLPKMTZ
410: XHLEPULCD
411: NFONCFWLZ
412: DOYDPSHNZ
413: QZGIHNNWK
414: MMBMUHVOG
415: BCZWPBUSM
416: FQTVMBGYS
417: FUVSFROTT
418: QWIFQYQRN
419: FWJYASUHJ
420: ZGAERYWMW
421: IUUXOZXZM
422: XZDSNWRIW
423: LZTFDYCSE
424: CXOYURKSV
425: GMKDXNSHC
426: BKMJONKBO
427: PLVOGIEDX
428: MGJQHGMHJ
429: PNKFOCCON
430: NPXRVLJBN
431: UPJAXUTCW
432: EWPTSFCOI
433: IPXWIVXKK
434: IDPEBLGUE
435: NBLQYGJJA
436: RCHPXWUSN
437: LIQJBQXDV
438: LDEDLIFAP
439: SULLHCONF
440: JCJUPBWXJ
441: JHOLCVYKE
442: XYJTMJPYI
443: YUFTWYHEX
444: SFSOEZWES
445: IZRKFAAYU
446: WWNYTRAET
447: UABVEGMAF
448: VVYVIRPFX
449: PNOOBBVSP
450: GKWNVIZRL
451: ZCRGYAFUL
452: IWKSAZSMY
453: TEYHIWGUD
454: TNJWCSYJO
455: ZIILOWSXE
456: DJWCPLUOZ
457: GEACPTCMF
458: LTWNQUOBF
459: PMLBZFFNN
460: QFWTGGKXT
461: GNNBWLOQK
462: OHCCFLWBM
463: ZQXOXRBZU
464: DGNQKKJNZ
465: JBQUMGZIN
466: INJALLYSF
467: THTTVEGYU
468: KNCHTXIYX
469: XSRNDCUKV
470: GHMUYMENX
471: LWSJONBLS
472: DCXSPUSMR
473: MWGKJYCTY
474: RLUPZGVYM
475: LCQXLYADR
476: PAKNHHSDH
477: AVDIARBCA
478: VQWJJXAMM
479: XIGBJORGL
480: OBJJXILTX
