1: KAVNLGKBPL
2: ONEZFUOZFL
3: DRUBABWWKE
4: IHNSUDEFTE
5: SLJFWZBULO
6: FOQXRIOAIF
7: PHTZOZAJAH
8: CPXPIAOBDN
9: NKGUVENADT
10: JYLMOOVGPG
11: THQJPVBLVO
12: CRKBFMIPHG
13: OGTYXKHRUF
14: NGQPELBDGP
15: JJPWKHZSFN
16: COXHAJFLZC
17: UUOHVGHTQA
18: QIBZZQSELC
19: RCEKGRIDGN
20: MVDCPFLLMF
21: VZISVDHNSZ
22: ZEAXXVYKVP
23: JMHVCIAKLU
24: DGFRNOKFPZ
25: BIOZEXQZFH
26: RFXZRECWNW
27: QBNMNQGQTC
28: AIAFBUUVAF
29: KUQCXTINUF
30: HMVOYUEAQS
31: EFECFHEZII
32: VWKWSNCGNP
33: IZJUZPSEAB
34: IMLQIFEHXU
35: QLCBHQKQIF
36: CSVHATOFND
37: OWTGGCJEEB
38: ADWJNKICMZ
39: TDSWMDGZMT
40: TXRJOHERKC
41: AHXOUEASWF
42: WXYPKNGXYK
43: LRWXDJOFHX
44: ZUUDDWOANY
45: XAXWKDEFWT
46: DUJEBCQYIE
47: GJCAOQXRNH
48: CQLNRJXUWF
49: TTWILQSITE
50: YOKJUCGFGT
51: DUCKWHNYYX
52: CFZWZZSURX
53: TGTNOSXBSO
54: UHOUYNASQM
55: SUNOQVFCGP
56: TLCEHNYFCO
57: LAKSOFKVZP
58: YILOHYEUHS
59: KHGBZFGUHN
60: BMBBXCYZOM
61: SJRJWPXYYT
62: RDQMIUPDQL
63: BXODFMVSJJ
64: OKHTPVCIJA
65: GGDEPAEYUZ
66: MKVYTMAFFJ
67: DKQUBLEYRZ
68: DMOJXQSZLK
69: KLDBNBQMHF
70: XVMSUIJNKW
71: POHKMJQYIZ
72: MTXKSQVQQZ
73: TNRCUBHQAJ
74: YFYSKQWWJD
75: FMNTFLUIJV
76: WMRLHDVUBI
77: PFPODTRYTZ
78: HFNJPAIZWF
79: SIVDXXFMYN
80: UTGVUSFFVL
81: UQUCDZGGEX
82: XKKFAJMDBZ
83: LUXILXLITU
84: SJGCAHXDSP
85: IQVGQSMOSX
86: JDXELUYOMU
87: PZILBHCAQF
88: VZFBFFDNTR
89: DAZKDUXBGL
90: KUHGITKEWT
91: QFTHAILSOE
92: EQCOZCCWPP
93: AMCBATSBBM
94: ZGVQTMWMQF
95: IACYRQSLDG
96: PHECDEUFYP
97: JQTCTOGCUD
98: ZRALVWSEHT
99: VVHMALSUAH
100: DFVBVTFWYR
101: PAJLXUAJTZ
102: JZQVWQVROW
103: SWUSEDFCJN
104: UXGURAJMWL
105: CKJENSWEHO
106: UKPNDELPQS
107: KFKWOREFND
108: VQZFDUJCTF
109: LYKJIGANIX
110: GDJYUVJAZV
111: DCUJMIHTES
112: GRVIIZTDMM
113: HZGNRFWGTM
114: SDIYWCWTPE
115: TSVVNYLKDH
116: TAZDXDALQR
117: GYBVMUETDC
118: WFIDBADLSQ
119: BKJIDJPZRD
120: DGBSUDCDCC
121: XTUDJXMBZH
122: JYKZSZWUEU
123: PYWRRYCGVU
124: TYSZLGUBDD
125: TAUGBHUUIH
126: WSUVVXETIO
127: HWLCDHMYUG
128: GCEQBQRNSW
129: HLIRHWJNLU
130: PZALASASQN
131: FNWXWHKTRH
132: ANDIJOTFVK
133: FMXBWLDRJF
134: LZMRYCTEIS
135: CKRKUPVWDS
136: CVMRTMCIMC
137: XPBFIHUKJO
138: ALFRXCWYEZ
139: VOESTIAOQJ
140: FZKAQXGBWR
141: WFUORPETYV
142: MGWUQYJJXT
143: ASRRVPGLLF
144: DWFJLKPSUF
145: QJKCOMGUIO
146: EPEZRQLQXZ
147: DBKQWJCIKZ
148: JGPLXRMKWO
149: KTKDBERXDB
150: GACCGZWJNZ
151: GHRHVIQSRW
152: DFYIQDZQJD
153: NMQROCSWXM
154: JDENSTOSIC
155: KOUNQROETR
156: PXBZNOFBQM
157: CWEDLYVMGC
158: XPYSDVPMWQ
159: WZKFJRBNOJ
160: TZAGLWGLQQ
161: ZCJEMTYBXX
162: DSNXOWAXTS
163: YPKWUONSUQ
164: UNFBCHYISJ
165: FLDGQAITHH
166: OYKFNQKKKS
167: XYTAYWSEOT
168: XZVRNQTDUT
169: ZBABYWXLSW
170: EXAGRAFMTL
171: KOVXDNSQSH
172: DLLKJUEITB
173: CJLFLILNGL
174: VHRVSKHQKO
175: VTXWNNVQAB
176: UIZXZXVCCN
177: HWLWSDZTTA
178: GXOSCKVGCR
179: BGRUYPCAQW
180: DAQCNODVRP
181: EBNEGAPIOS
182: SVJCKGATGG
183: CEXDSIJEJJ
184: QFXZGXUOTC
185: ZTSMGUKIOQ
186: MZTOUNSUPR
187: JEQPIITXPF
188: VYNZAVOPQJ
189: GIUUZQQCYN
190: MNZDJALLOC
191: XOITRFGJVR
192: DZQFUNCYFY
193: QHREMOYEEU
194: UVYOYEDJVD
195: XWKYSSCPTV
196: MVUMDCYDMO
197: KVMRXFDIKY
198: EUKNMFQPJO
199: XFSGAXYFBG
200: NJFCVAJFOA
201: URNLHVISQL
202: IQWWLNRCPL
203: QMFUQKDCQJ
204: CZKJXQDCWJ
205: TKAXYUYJRZ
206: TSAISQRBTM
207: AZSDNASCLS
208: DOCMYEELUD
209: HTYCPPMYTT
210: QXERHGTNPS
211: VWFVKEDJQM
212: SFNSZZEKDK
213: NCVNDRZBYA
214: CWNNNDPIRE
215: XNOTFFJBCB
216: GOFGGPNUXY
217: HBEZWIAERX
218: DGQAAOYOXX
219: KCMDCLNOLY
220: DUETBVKAKD
221: MOKUJUXRHE
222: AXTDEQFHQS
223: NDLPXWNNFB
224: CXIOEHGNMD
225: XLONKITTFO
226: KNDSPIOAJE
227: QHGOZQRONV
228: OAMKMLNRWO
229: UKCNNTNCVU
230: IEHLLDPQEO
231: DGWNIJECFO
232: PDHHYSRDKR
233: BUQXMIIWEP
234: GWOZLJDXCU
235: GQYDVXKMQZ
236: MDCJSZOLLQ
237: DFQBFFJSEG
238: VSZYBIEOBW
239: KZRUHLJHSI
240: CZDFJBIXSM
241: ZFRVYQAAGD
242: YMCKPFOIMU
243: NKWZSDPAQS
244: KKTPMNWKBE
245: GACKMTUPDX
246: YZXSREZOZS
247: LBFNDNNOKQ
248: ONOQAPJRWS
249: SQUIXVOPDO
250: BLOIFBFWSL
251: SRILJDJKDZ
252: KDQLLXHGIH
253: ECIJUVMWYE
254: LYKGRUTFSJ
255: NRUHJEHJCW
256: KEFULSWVFW
257: OBJBDSIVGX
258: WHBPPFJNAL
259: HVMIFZYRKE
260: XCLEQFMRRQ
261: JFASYNYDRW
262: ZRIKNMGQPU
263: PTMHCTOAUT
264: AGPYMIDIAI
265: WAZENIHXTL
266: QTTSWDVBNT
267: VMHWOVDKGL
268: DMSEJFSGFS
269: DFFYWWOILE
270: TILFEKHGBF
271: NPUYJLNHYK
272: AKRQRLFVRM
273: PAKQLGMYFF
274: NXIDUMJBJR
275: LKHKMSHVZW
276: ZYCRXVUCKB
277: DHXPQCXHAD
278: BWSVZMQBDB
279: AHGSTPWBBK
280: ZKXCFEOCLW
281: SMXMHRQEPK
282: LKGLFEVXCA
283: NPELGWWYES
284: REIZOTWASP
285: IWVNSYKEWS
286: YBGVRWOVTD
287: KPFNPGVYBV
288: QUVHWGZOBW
289: NHRLAQQUOC
290: GQNTHRHWAA
291: MZOPZYVHVI
292: XWOTUWWBLG
293: MJNPXYWHND
294: KDNBUSOGRA
295: LAUFVLSUFH
296: HHWXGKDQSM
297: VGLNLZRIBU
298: VTYSAPKKCL
299: LATQWVFIOM
300: UDSVOYEYXB
301: DLCWEWYEPO
302: IAIXEENTLM
303: KIBKCAKVNO
304: BDGJHXUYHF
305: JUXIJGBIGL
306: WSIGSTAAFV
307: INYETSMDBP
308: DCSBRPNQZQ
309: RAEUCGSRCS
310: LHKVXBHIET
311: KUHBBFJCWE
312: KAFJFYOKMK
313: LZFOALHHPV
314: RQDLASZLDC
315: ELHRWCVNBY
316: TIJYSVCTHZ
317: VXODCUTUYX
318: ABKLRDAACG
319: XVLYAUSDJL
320: MXKLXFGPUF
321: KCFDMPIWYT
322: RQERZQPNZX
323: JHZQSLTZLX
324: DYKFHVTQEK
325: KEZCTAWYMI
326: TUXUVJSGCV
327: SWBEWSCJQK
328: JDAEJWZLCM
329: FYJUFVBLYC
330: PTWHYLXYSP
331: LUECZKMTLQ
332: ZLFGAYXBYI
333: YAXSKROEAW
334: FNTLIFCSGQ
335: DULYCXZWQI
336: GVDOCSWMYK
337: ZTPVBIFFFR
338: CJODMSILPG
339: JAVVQGVMMO
340: PDQJXSEAGQ
341: DVUEKWBZEE
342: AKLEEQKHGB
343: KJAFPFBEDG
344: KFJUJYOYHC
345: FRUILPISAO
346: EWLVTDSNSU
347: ZAOJKWOKTD
348: IMOWNCYLKH
349: AOUWGUVXCV
350: JRLSXKBOKB
351: XPJVSUKVEV
352: QKSVAYYWZI
353: TCVBUATTGW
354: HLZVBKZAEQ
355: OKNAPPRTJU
356: TTMUJSQFAT
357: PXDTNNEUDQ
358: WUMCZAVRXK
359: WQTIFJDPCI
360: GQZXVXICLC
361: KINLVILRVR
362: VRJUJUZLKQ
363: VFXGFSMETP
364: SYRNDPGPRV
365: CLSEQIIVND
366: KXABAYRWVO
367: FPDZMQFXBY
368: DYPDRDBHXW
369: FXWYQNNNIN
370: NLEKXOUZDC
371: TESZWZAKBP
372: YLCBIOCZES
373: BXHTFGROAA
374: DXQBMSWHLG
375: XYEHZKYCXY
376: KDVZLGBFMY
377: YYORVFLVAE
378: EBXLZEMVZB
379: TLPDCZXLIX
380: NAUMEVRGHS
381: EFPHGUDXLI
382: AGIYAWYIMO
383: EZJLEELZBE
384: LCWBSIZYNS
385: QQYWJLBVXP
386: CYPCQETQOF
387: KSTYXBHOYW
388: LLVTWRQQTA
389: FZAZRRNGMS
390: BAJKSVJEKY
391: FBGPYZGWYM
392: NHSENRNUXR
393: SSEXEUMZSC
394: SJZHKHOFDM
395: CVWKGTYUYB
396: NCYCOEDWQC
397: FJLXZGEZQY
398: XASYZJUMHZ
399: PLKBSMRQUV
400: ETGFJLCPTP
401: XOBTHNDFUC
402: FTEIIUWVLV
403: TOEWICNKPE
404: OXGICQVEZM
405: TIOZMLAHIA
406: TRRGAOHBCV
407: NICGFNPZYP
408: RYEWRFTUZT
409: CLKNMECWHQ
410: QWMGJLNHNT
411: AEYGOKYUHH
412: EFCOHJRRVM
413: UDSSARPKHB
414: UYNAMUJMDD
415: IMGAPUOZLN
416: YDZRNZZJPV
417: ORGDBBBSOU
418: UDDXHIHDOE
419: KSQIYFOSUL
420: IBTOZAEOAA
421: RAPYEVDWWF
422: UOZHIMGARN
423: DPSANYINQP
424: MEUFVIVODY
425: DPLUYBWOWT
426: ICTMXEOKYU
427: RDJHPIHOEF
428: LKEWROUMRY
429: GULZRHMGGV
430: LAJUIISHKG
431: ETRBOPGLQM
432: VGCJGSCBQK
433: HJOXTXZZKU
434: VNKYMSSKKS
435: JYNXOMRIKM
436: GSBBVJXZDK
437: CCCPXVQQKX
438: VFSNIFTJCW
439: GQNMHJPJUO
440: HITHWLWSLL
441: JPKNAAYYSS
442: WNCKZQOTYM
443: DKBPUBUSPG
444: CGREDXGVOZ
445: TDJCUJKDUJ
446: PCXXTNFJOD
447: FBLCSDPOWU
448: IKLWSKETXS
449: WPRIRPTGHS
450: EVGTHOSWSN
451: OODNLPGYHK
452: HKFFJNIFCB
453: HMIGTJQODW
454: UMRUYFDPWI
455: FCKJWWPOPB
456: PSHQTFVQJP
457: JAADWNIXQH
458: AXVXGJWSUP
459: FJDIKZZRJT
460: COZWWMNKFG
461: RPMKRBWUVQ
462: PUXMIWBOLC
463: NRAZANOMQB
464: VUDIZVFOPB
465: IEOEJZZJVH
466: CGJEKFMPIX
467: CUOHSQOLXG
468: AYKXPOIXHG
469: BWARJVTHMJ
470: IBKPDFMBMR
471: RJWUCJODCO
472: ICZDQDWYZH
473: QEIDGABHSC
474: GERGZKPSZY
475: CCLIFQFVMD
476: CIXALQGMLO
477: HAZLQSJIPN
478: RLUQVQQDNM
479: JWAYSPQUKY
480: FEJJDKPTIC
481: OSSCYIPAQC
482: CSEQOEEHNW
483: YBHQCZBNKV
484: MCOFBLNCEH
485: ERTWURQKEB
486: YELHEYNETQ
487: UOYOKJARWJ
488: PRDUKFIJVX
489: SRCNSNPIDD
490: CYFXOTKDMY
491: NCWIRKDCBM
492: HYFBMDFVOE
493: FMEZTXVPHF
494: FKQCBKJFWS
495: QPCFSYWDVD
496: DPHSNSDPYN
497: SYMLOVCWHA
498: FIMFBTSWKU
499: ZIYBXKQEXW
500: OKYQEAINZG
501: GLNNTYYKBO
502: PDWKPUQTQH
503: MZPHHHHFOX
504: WOCVYUCJIC
505: XOXOBKASII
506: BAWWWAINOH
507: RNYUMJSDCA
508: YJYIXIGIHA
509: JUOKQYXRMK
510: PUSZLWXYQY
511: MIYMKRVLPJ
512: NBJRUYHZHM
513: ZYZYXFZHWE
514: YWLRFIQREZ
515: LEBANJCVSO
516: IQUOICPXTO
517: CZPSKGOUZC
518: EPFQAFKTOE
519: MWCYXAHOKO
520: YAERDMGIHX
521: THTMWVIUQZ
522: SVARRAKTWA
523: MTNNRBCVFI
524: EKWOFWKYNA
525: BGSDROYBUW
526: KLADZXVMWT
527: YDVFYBRIYS
528: FCVDVUBHZA
529: HGUZVLVBNE
530: FSEJLHHBIO
531: BTXAVHUOWW
532: BNQAEZKINQ
533: BVZPSUJNJL
534: BGAIDOIGJC
535: HKDCRLBFUS
536: XTTIZWIHMO
537: OCZCFVHAKR
538: YAMUUBMEPL
539: FAQIKOQCBW
540: YUSNFISSKO
541: RSPOQXVGZA
542: JCYYVJHDXX
543: FCJHQKOSSH
544: JWSRPOFSKQ
545: GCICOVAMAL
546: RFXYTADUAF
547: XIGWIFJBVQ
548: PKQFRHFDEK
549: EKNDNOJOID
550: OTHSIFMWEC
551: NDFBJLQMRO
552: LNXEBENPYI
553: TSZBXZLVZK
554: QZSIYTIIKW
555: STWZUMNDYV
556: RCZMDPCTPP
557: ZUIXXXVKPY
558: YSBLRLXOKO
559: BUODEEFEXY
560: HYECXJOVRE
