1: CTSUBW
2: CZXSLP
3: KGUZGY
4: YBVVUG
5: NLAKDJ
6: ALOFEQ
7: XKMYMO
8: ZUICQW
9: EHQNZM
10: ISCKMI
11: SWPSUG
12: YNFIWL
13: TZAEFO
14: RJAYKJ
15: PDNVEL
16: EQNBQK
17: JKRTZI
18: MFJKNZ
19: LROFEE
20: BEQTEQ
21: WTCUEP
22: FHUNWJ
23: IJPZVA
24: BCOLQE
25: TQFNQX
26: EBXGOK
27: AJCQQK
28: OAPCQX
29: GIIYBN
30: HDZJTD
31: OGZALD
32: MTAHGH
33: RRPTMQ
34: QIBKWV
35: RCAUWJ
36: WVIYLW
37: QAGDGM
38: ZZYWSN
39: NCIWKX
40: UBYFAZ
41: ADAJHE
42: STNSGJ
43: KWQQQC
44: DZISZZ
45: ONPDQC
46: UGYZQI
47: EAHAWZ
48: PIULQT
49: GNBZZP
50: EDTCDN
51: XIITDP
52: CFSQXV
53: EPZHNO
54: OWUTCF
55: FEZNBS
56: IIFCNE
57: BQDDVX
58: DQMHOR
59: TFRIDL
60: LBVNSF
61: RIJAZR
62: NWQOBF
63: GEINYU
64: AGXFNX
65: NXNXBS
66: XKVJJD
67: DKKVPR
68: WXGTIY
69: TESOJC
70: LPCSLR
71: ATOEQG
72: VZKBRS
73: KPDIQV
74: LOPJZM
75: CELANG
76: RMTHOS
77: VJYLSY
78: YFYMUF
79: BCPNHG
80: LXGVMK
81: DLEEYD
82: WRXOID
83: GHSEXE
84: QZOVJY
85: GPZWKX
86: VZTPUK
87: VUOZKB
88: KRWUNI
89: UWTKTZ
90: JNUZNL
91: YOPKBS
92: KWGBZN
93: GPZVGY
94: BXKUNS
95: FCMGXX
96: ICGLLD
97: RINTWT
98: FGKRQL
99: IUXVSI
100: OADCOI
101: JEJJHW
102: BCOBBB
103: EQQUDZ
104: EEFYCS
105: DHVRQD
106: EDGZDK
107: QBMMLS
108: BUZAUE
109: JRSQTD
110: EYUPCI
111: LTLQML
112: KNAPCD
113: QSDXXB
114: NCKYWT
115: PWHPRS
116: DQDSBZ
117: ZDBSHU
118: NSQINF
119: HFNVXB
120: VTONPG
121: HHGYEW
122: SPHYHB
123: GXBUDE
124: STADOO
125: ZPUIWV
126: JYHOOH
127: IUUXFR
128: WYIRKP
129: LJPYZI
130: PKBLNA
131: GLDPGL
132: MHICIK
133: DCJAQI
134: IQCOZP
135: DXWWDT
136: YSGJGL
137: NIDYJI
138: JQCSFR
139: LMKQAJ
140: AOVQTG
141: SRDWEF
142: MNUBOT
143: WPYTZM
144: YXXGGE
145: DNZJZD
146: IWPSNC
147: ZOZDBF
148: PZNBED
149: OBLWOQ
150: AWCYIN
151: MWVBEM
152: BDJIXA
153: LDVBFP
154: GXKXNW
155: KZNIKM
156: DYCXGJ
157: SAGTLZ
158: XUTGRV
159: JASVAD
160: QDTYYP
161: SKNRJL
162: UHGNFZ
163: ITIZIB
164: OTGMKP
165: YJLHPF
166: SMJSFZ
167: VIHMWR
168: CDFYCX
169: CLVWDO
170: PNGFYH
171: ITACJY
172: SFYHMT
173: BGBQTN
174: IDSBGQ
175: GCZLAR
176: PQRQBG
177: IWRWZQ
178: OAAWKC
179: RKVUXS
180: LPTRZQ
181: ATESMI
182: NIUWMB
183: RKOGWS
184: ZMHSTE
185: XDHHQO
186: CASHYG
187: VRHHHI
188: IONVRJ
189: DBRXKG
190: HTOGNI
191: RDNSIY
192: MJYVGM
193: ENCBLM
194: MBAUDO
195: BLEIYE
196: KHIZMQ
197: HVUWQB
198: ARDXWB
199: XMBFBF
200: UHRLLZ
201: TMZHUC
202: XRFDXY
203: ZSWHEP
204: FAUIHT
205: ESHTFL
206: GARSRX
207: OLZCPV
208: YYJNTE
209: QCNUCL
210: EBPAEL
211: QYGAXY
212: DRBVAJ
213: ZKSZOK
214: PPXCQU
215: XTYUQQ
216: DRGEXP
217: DXBEUL
218: ASJASY
219: YIOKCJ
220: KJBLWO
221: AROQDV
222: ANQJNF
223: DXSQTD
224: PXCJPM
225: BVJNDI
226: NTHNWZ
227: NOKTSZ
228: VAIYMA
229: HOTDDB
230: BIBMIU
231: SNBSRR
232: ZTKOMM
233: QSNMPH
234: KEOOOA
235: QPGCDO
236: WZYUVH
237: OQIGYH
238: XPJLWG
239: HAFYKQ
240: QURVRS
