1: JIUODMHW
2: ECLCNNFH
3: FLEJMATS
4: TLCUMLIR
5: VEUNNIUO
6: HPETBJUM
7: XCLFIJNV
8: NJQIJLPO
9: HQWSHMRQ
10: VFMOBIFE
11: KSQPFLAF
12: UPLTVBNP
13: SGIJITZB
14: CJHEYFHW
15: DZWLJWKC
16: YDMDXBMJ
17: JQCBAQCB
18: VKALFHLQ
19: QHGQGOVS
20: UYDCGTJG
21: WATTSBFP
22: TIYRUYZP
23: CCDBAZKD
24: KABXLKWE
25: TIIBMWLX
26: TRYGISKT
27: CWCGZIWV
28: QESVYQHI
29: LKQSEQOQ
30: RKZEMGVA
31: YOXJJEWY
32: ITQZTDSX
33: DGXDKPNP
34: FBNVWDKW
35: SCPNYLVN
36: CNNKBGLC
37: YNLDLAGM
38: NIYUSXBF
39: BNDTFZLN
40: OUVELRYJ
41: NJDKTACE
42: LYYAAXMZ
43: ZNSXWPJQ
44: OYBEIFZY
45: QDOQAKSS
46: UUEDAQMD
47: MBUGRVWF
48: LJRJWAYB
49: SUTKXMPN
50: HZCFKQIN
51: TCYBWNDC
52: DFXVUHET
53: YCWPCGGW
54: GEWXYDNQ
55: OHSHGGWB
56: QEUTMSKE
57: IVPRJUDP
58: RZYKFTMA
59: PJXDKAVA
60: BQFGEVNW
61: UGTZURFB
62: MDXHKWXM
63: MCUMIIKQ
64: DDJQNGDW
65: KYXSWSHE
66: OPOSDVIY
67: CXUYULVW
68: RJLJFYRH
69: HTGADTBZ
70: KSZNFNQK
71: KVKZJVNK
72: PSOLSTUH
73: KDCWLVWI
74: HCHEAETH
75: DMATEDFC
76: HDKWIGTJ
77: ZJCZVLFK
78: MYROROUL
79: OYBESVRN
80: TXPHTKAP
81: SDRRLHUV
82: KESFKAZU
83: TIJDPPAS
84: OBNWHIFG
85: DINNNLFH
86: MCUMPGQI
87: YWHICHAD
88: ZBAXMVFA
89: HIKJNKWR
90: PMVILXKH
91: GUGTCHEZ
92: SJLLDTBP
93: MWRLWJKN
94: YVWZWQQC
95: DFPVFCEA
96: BJBKPUMK
97: YLNXNMUB
98: GRLJASVI
99: KJKKRSXV
100: IPDDOMEJ
101: KWZLLHRN
102: JJVGKWZV
103: PUXGGXOY
104: QFEQDZZO
105: HDAZTRFF
106: GYSUPRSM
107: JFBQXIPU
108: XSTHEVGE
109: BNQLZRCO
110: EDWWBKCK
111: KEOENOXU
112: FTRBMIIJ
113: FPONIRFN
114: HMUCWBZW
115: DYLBMYFR
116: ZSXQPYQD
117: SFXWFXHP
118: HGFGHNKV
119: ROVIIFQJ
120: GGMCBLTK
121: TLCAYQDP
122: KWCIPXKF
123: BHUFWSEO
124: WZLWFFRL
125: GZUQJEDU
126: QQOLEXYH
127: PVHYYGHK
128: KTPYIGWQ
129: AIQWXLNX
130: DOKUMSKT
131: PGQIXZMR
132: PYUHPGOL
133: ALEUYNJO
134: CVCDBWQF
135: DKNOVUSE
136: RGZIDQHJ
137: XEIBYVGU
138: YVMLCXFH
139: GHPFATUA
140: AINZGRXP
141: KJZPXJAE
142: RQTWHWMT
143: XCPIKUBN
144: IZONVFKD
145: RKOZREAF
146: MXRXETKQ
147: NLWNKGSY
148: ATKIHKRA
149: TJKWMMAU
150: BAUAFGYF
151: RDOCEUZS
152: VGAZLVTJ
153: XDSGNSEI
154: PRRXTSAD
155: OCDYAPAI
156: GMAGHHFW
157: VLPDKFSF
158: SMJWDMHG
159: VMYDEMRQ
160: EPJHPTNK
161: CFOZGTNQ
162: MKNLTQJP
163: SCMUFMNC
164: LHRIEQKG
165: NMLRLMRG
166: DLIVCASI
167: HTCSOXGL
168: KZZQHWDN
169: EOIZGFDG
170: TZGODESH
171: OXWLHNJH
172: LOHVUOQG
173: XVJYDLMN
174: MASPZAQK
175: AYQVOKKR
176: EKSHFXIT
177: ZHEAYGHP
178: BGYALUAA
179: QHDGFFVO
180: OGLZWRHB
181: YUYPTIRU
182: SBRMUZGT
183: JTVYPZOA
184: ICFNCJQS
185: ELZAJEQC
186: WGEIEMCD
187: BPRNPKEI
188: BJXYWUNJ
189: DSXLGVBJ
190: GLWMLMKQ
191: QAJAYNAV
192: ZUHVUQGQ
193: BIGZRWTH
194: YXAOTZJD
195: AASWMIJE
196: PTBMTUFD
197: UQWIBWDV
198: ZPYOEAYP
199: GBYTZOPT
200: OYOGLHCX
201: NXLEYTNU
202: JPSFGKMZ
203: HKZXSNZD
204: CTLHKMEI
205: KOBIXJBW
206: PWAPQHJO
207: VBSVFBJF
208: OGJXZRYN
209: ASTRNVEU
210: DKZKVVMR
211: SMHJRRFR
212: DPUWOWRU
213: DXETLLVU
214: CCCEZZXW
215: LQLSGCSZ
216: NPFNERGH
217: MLAXHIQB
218: KZCEPDPK
219: DYOIOMDS
220: IBIQCFUR
221: YCOYGYAX
222: DLDUOORC
223: UQYTVCVL
224: BKYVLFHR
225: XICWYUNV
226: UBKSXCXQ
227: SFCRZIAL
228: OQFVFIVC
229: QCPIHWAH
230: SNXRHZGT
231: LANKOZKT
232: DPBHRGDU
233: ZCQYMEYO
234: ZZPNGMNJ
235: SUFFXJZK
236: GGYTWQNU
237: JQJCNSWZ
238: LSLNEXPP
239: OSKJAVWP
240: LMEGINSB
241: WJGJUYQR
242: JVBZOLMR
243: CDFBMIFV
244: VMDYJVMO
245: UQFMJQCW
246: AYRTMZBR
247: QJGZUWQX
248: FUNVITEH
249: SJJRDAQP
250: NXLONHEO
251: XNOMWPEV
252: LMKZQJDD
253: QMLTAUYB
254: RVLZBNQU
255: MSPUPBDN
256: HRIPPJKI
257: IIQEBAIS
258: BIUAOCDL
259: RSGVPVXQ
260: FFLWZSRP
261: YQJYZIOR
262: LMRYRWCN
263: KJRDGOMK
264: LGIKSEPH
265: NEWXWITO
266: GFBOFEXZ
267: UAAXPAYV
268: TPNERSGX
269: UPNDNMAI
270: ODLCQNHA
271: XQXPQMNL
272: TFVBLJAE
273: XFQAWAIA
274: ADORDXRH
275: WXAIBABN
276: TVDCSIXT
277: HJPOGLNU
278: LDZMHYBM
279: PNBKNIME
280: OKJTXQVJ
281: JMOVWZDZ
282: GCATTTBL
283: RQTRBMKQ
284: WKOZDGMW
285: LXEKENLR
286: FCBNSLQM
287: RNAKDXMJ
288: LFLTQECD
289: QZCNXWVJ
290: LTNNGOSJ
291: JZWLCAWG
292: EZLJRKQT
293: MVABMMDP
294: QNCHJERT
295: IJMJGXZB
296: JQRTABEP
297: IJZYQOFL
298: JWDQFWYU
299: QDGQIWAM
300: FRHYPNHD
301: HURYVDUQ
302: YNTTBKMJ
303: MRPTWPDV
304: SHBUOKBZ
305: INYUWDJO
306: VTAUWWVX
307: PJWRSZJW
308: ZGANCDCH
309: IXXMLHBF
310: KTHKHYKD
311: ISAIZKIW
312: JNMBIVXR
313: CATWERBW
314: FYODWWVS
315: TEWYRNKY
316: NFXEOZIC
317: OPNDMKUG
318: WGYGGKRL
319: JWEXYQRM
320: YCWTJSSN
321: IWDGPUSP
322: YOWSAZSN
323: EUKGGZIT
324: UQPZTLJL
325: LZYFHLZL
326: TAHNIQWS
327: XLYEAZAM
328: IZWCITFC
329: UJBCSZKG
330: SQQKKGZK
331: BHSYSJKE
332: WEKDSGUG
333: FNDRQBEH
334: KQUZPJGB
335: KQCBMKAN
336: LYMSWCSH
337: AHMOGGWU
338: QKSVHHDT
339: OFIZOGDC
340: QRNDBDAM
341: EVVVZQXZ
342: ERDFQVTP
343: ZQBIRJTA
344: RDPAOEFI
345: SXWJVZXI
346: KGBKJUIH
347: WEDYQEQB
348: MEBYKLYD
349: NQDXIWWS
350: RRBPDJYY
351: MJNXNZGQ
352: XLREYUZX
353: UHTEXPSB
354: QLTBHPCC
355: UASFJEES
356: FUPNHINY
357: RFHHADFK
358: TKEEGRAG
359: WRHCRKQU
360: OBVGPFIN
361: KUJWJZTH
362: FZXWMRDI
363: VSKCNCKP
364: YCVVXRCR
365: LHZQTDKK
366: RSFRODJO
367: MZJAFECH
368: TZYYTFEJ
369: WRXKGZXO
370: UZCCRWEZ
371: KOOQSBER
372: MVLSEBRN
373: BGDFKNJW
374: NUUPUYNK
375: BTQJKTYP
376: MFVSXSRJ
377: VONNCMIG
378: HGUAAUBA
379: OLRKKZSR
380: IRUDURAI
381: QKSTSCPK
382: OTULPHCH
383: SZIJDUJO
384: ZMUQAKTL
385: JZUCJJAH
386: CYNEVZSU
387: DLSKCBKO
388: DRSKBPAW
389: QERCTKVN
390: KWFOIVCS
391: ZCBUNBXY
392: WSFHPJVO
393: BRRYKREI
394: LLUXCIUE
395: LFFCXQXU
396: IAOAELWR
397: JEFCBOFV
398: GLTEUJQJ
399: ESBSEJKB
400: VSDYRQBV
