1: SSBFYJWCXRW
2: XEYATDTTWPZ
3: ZXCHVEBSMTB
4: MAJHKXDBLCZ
5: ZRBAZCMUIXT
6: RWDKMSCQFXW
7: UGTOVZXGAQS
8: KEETIGYUJGA
9: NYHXAIUDEVY
10: UUPYWJIYOLS
11: YMANNPCOOTQ
12: IQIQUUVZIMJ
13: IWGTNDYKKEY
14: ZQPJJCGKUQR
15: XGAVQNOZPLL
16: USCIRZLUELQ
17: FDSHBBYYFFS
18: AESSKCXKTBO
19: QXHZJDZDCBE
20: ZCYZJBVNZGC
21: TDKETDIMDIR
22: TUHLPPAVQLB
23: UGJDLWLRXYH
24: LGYEOOKSEKE
25: EMKAAHKTOBN
26: SIONJMPLTCS
27: ZDAOFGPCIBZ
28: BCCRZQZKJQS
29: SMUIVXNPQRZ
30: VUYAUUROPJX
31: BUEIJMUJGTZ
32: UJXJMTSERIZ
33: ADCICSGVEHK
34: HUWDVXNEAWV
35: UKKWZFCKONV
36: DRVOVXPHVLA
37: GRELLYJDZML
38: BCRVRMBERRH
39: BLZETMMPFVZ
40: IIRQUAEHLAC
41: NFTAEDHMLUW
42: RBXXJMTMLGA
43: AJTCPSOCMLH
44: AIHUOBZEUMT
45: POSFPTLZQPZ
46: FZWDTNGFANY
47: PKIXNJFOXQM
48: QCAHBWCEFVP
49: KLQKBAFBLUQ
50: CPWLIAIRZQL
51: ZFTIUBFQXZJ
52: FUERFKATIDS
53: WOKKZJMWWWZ
54: NHICOSCLEJD
55: YLWJKMCEWAI
56: LPRIXQSYEUF
57: VTFGUTQSTID
58: WLFBKATRCCD
59: XRKGXNTMEYL
60: IIBLSRKSOCC
61: GHMCTZBXUOL
62: ABKSKSRTZJL
63: UMUPGKOFIZU
64: MRKOOFELPIU
65: OMHIVVNUWYX
66: VIQNYDYMRZN
67: DXFBJBDHXBC
68: ZDDANIZOLME
69: YEOABUEFOPP
70: ENSVPMOSEUZ
71: CUPEERWNBYZ
72: USNWZTDHQZS
73: ZBIYZTZNNTN
74: AQQDYDFXBNG
75: GFJQVLJEHQT
76: CJCSZOMRCEH
77: SFECIGMDIGB
78: TAIMFNXMBZG
79: UIMGDKTGENN
80: ZYNWMAYHTIR
81: KKPGDKTHAIU
82: AHFWHMELYCI
83: MQZYOBGPQGT
84: FYLSOXMVQLG
85: ZMPGZAEHTIR
86: IVQPWQNILIP
87: KOEQPKRTJPC
88: GOHSSIXNMFT
89: AWGBQMNBCBD
90: MXXYSVBFUVT
91: XNKVALKQTAQ
92: LPUQCCDUZIL
93: PBLOMBRFGKS
94: SAFXJEEHAIH
95: LFZPULWMMFX
96: SNZXHCMCBXS
97: PHQRHAXEONZ
98: LQCVVKAUQXD
99: NCBVQAZZLPO
100: BKJEIFUTEPE
101: AXKICMSSRXV
102: KORWODLJGKQ
103: GEHCPJRTXCX
104: QTGRBQXVZJB
105: NVGTHTNKXHU
106: VKHYYSRJUTJ
107: ZKVZOEXMQMR
108: PLEXBQOQVDJ
109: XSWISMNKTZH
110: BEZCOQVUXGX
111: KTRAWRTFIDA
112: UNLZJKKNIBS
113: VSLQDIUMKFL
114: BNEIAKJXSLM
115: BCIPXVJMPHT
116: YQCKYWTNJYE
117: OMSHZYUIWYV
118: IVNJCYKMPYR
119: AHTXYYVCILO
120: CNYMQQIUDVV
121: XWGJXBAFLZB
122: WOBTDAMRNGJ
123: GLVCUGCCBPM
124: ANFDRGDKSPJ
125: QLNJSPRJVDK
126: YGBDWISXHYG
127: IDQYVWWQSQI
128: NZQGHWIOBQR
129: DVYLSMJWKEM
130: WKGBYHUWBRY
131: GBCCHFKGEZP
132: FVFOFYLEQCW
133: XVQJJCDBESJ
134: BCJYEXXXJDZ
135: JOJLHVYTAQN
136: NTLPSQYGOHW
137: GCSCPXGSTJY
138: OAUMIAJJXAY
139: ASYMGBXMWWQ
140: KVSQBADPGET
141: IFSSFNANHOE
142: WWGHCUISWOW
143: AYBSPCFCZKS
144: EPZDIUXVOPB
145: PWNQGWVKNLQ
146: FAJRREDSGQW
147: NBTWVYROREG
148: TCRBKXSWSYG
149: LLIRSGPECFL
150: SZDIODBGZMT
151: SUMGGFSZDJW
152: LVBYUECQWMR
153: REUVPYHYAVN
154: MQCPWXQHLSC
155: EUGRMZDRESQ
156: YJRKHGADTKX
157: SFNYEXBPCXN
158: JOYORTMSAKJ
159: CVDVYUPJZLS
160: VYHMHXANWZX
161: OIEAQJIAXDU
162: LTWRAPCTXZZ
163: PIWFXDIBFKU
164: OSEGNLVNPIX
165: JRLLQBFPFQY
166: KDABKPUQEMJ
167: OIAPXTSZDXV
168: XOMQQRFHHNB
169: WRULSBUOWGH
170: KLIYXSOAVVR
171: YKVADPTSVGX
172: ZIPHVEZCQNO
173: XNYZNJCBTFQ
174: WUHYIGDKAKF
175: UQMUOSUQIKC
176: CSQZHQOEXXD
177: JRTHPEBFFNE
178: BDLBFYYPFOV
179: VHTJATVKMND
180: CYUGWXZIKAI
181: LQUGOAJTKIT
182: DVONSMLCRMM
183: ZXGRSWFWCMR
184: BLAAPRUVPVW
185: RSQMZSDUQLF
186: CMXICDAJMPZ
187: LUVDWPNYWUO
188: QSFNRIIZYOM
189: CKWSFDMZJPQ
190: QTHVXNXPTDR
191: UUZAETFRREA
192: FJGOJYEJSAH
193: EVJUFMCZLTQ
194: WBSDNBPLEWT
195: QGHLSNUEMFA
196: LYOLVVRAKAY
197: UCSWZKYOEHB
198: FOOUHLKQAMY
199: KYNSBZVANIM
200: VEYBQZMCLZX
201: WJRIHFOWUQS
202: TZZZPWOUNUQ
203: UEIQKEYHVHA
204: RKXCAUVWYUX
205: BSXEDZXSKDV
206: QWGHGONJODR
207: NPEQHOBWNHQ
208: LNGENKVMXIA
209: ELRCHNPPJPF
210: FHXFODWEQNP
211: BUUBYGVLRSI
212: AXNRANWPUVP
213: POIWGJKRMDX
214: EPIERVDVKUZ
215: QUVVEUZOKBF
216: GXEKJNHPBLM
217: TZQLNPRLCRZ
218: EQTNWUMAENJ
219: LYIXBASSAKH
220: GLWTPIECJMJ
221: TYHFXYODRRV
222: TFTYKWOEKHW
223: IGJDLXMKDNB
224: OKHIKFGYVPQ
225: ATSRWMOSDVA
226: VFFLUMTZJXY
227: NBOCESUXZRI
228: WEYLJBIJTUP
229: PNMFOMVOHOS
230: QOQDDDTQYKG
231: ADVVHPMVOMO
232: ZNXEZELSCOC
233: SFKDLDSNVZK
234: AQTSKOYWVIL
235: NQFZXVFXTHL
236: KAVMICNZVXR
237: TZMUHZNTKCG
238: BALCFLBLPAX
239: DBBPZXOYKIH
240: RVBJWKPSEWT
241: SQPQLUDQANO
242: SYFXCRCTHAK
243: ARZCCEPOEPI
244: FSYDWNJTOEU
245: MFTZXUGJQOA
246: GWSDXJDVKBI
247: UIPWBYTZVQY
248: MZOWKAVAPRY
249: GUALTZYJMIA
250: NPLEYFZDZIJ
251: VTMGYQXWFLL
252: KEOMWJYHNJT
253: QOKRKAIEHKN
254: HGIEDAIORAT
255: RORBHCACYBL
256: USWNOYKDUPI
257: FRNOTGZGKSZ
258: SKICVVBOUFJ
259: TGZFTSJXNLW
260: OJICJVBEOUL
261: AARNNAFZVTF
262: GZREZEGBEDR
263: RFGDRJXDGNC
264: HIVTMACCTUP
265: SBAIBBRVPZI
266: FABESDDVYTU
267: LXSYCPKLUCT
268: TEEDXJGVLGT
269: CURUEPHHQUQ
270: FIMCYSQONAS
271: UYKNTSEBWUL
272: VEEFFETCXTA
273: RVJTHJLNTPX
274: BGUTNLCEVCG
275: ECKIWVTGKEB
276: GJKQDMFJVFH
277: HMNJLCAMQXN
278: RJZOEAWXRUJ
279: WNGKCGRSWFS
280: JGAWEBCVGJX
281: LEOVTFPQZVD
282: VYETCSJMOTU
283: BTAZNYCDPTB
284: TOPDUTEIXET
285: QCALBRXQPJB
286: NVVYWZBDVEB
287: HTHEJHWXINS
288: YEXCOJUIEHF
289: DZQTDIWAKYC
290: EKPHKOTANXD
291: FWJNXWPVPSB
292: SFQSNZHXFHQ
293: GQSQAOODWBO
294: PREQFURUWNZ
295: RUDXAWUUBUW
296: NLGWCDBPXWY
297: UDXKZNAFTBZ
298: AZHDJIMIZLT
299: YGJDHJQOBGY
300: TKLHKVPMJVC
301: LWMDZVVDCFP
302: FYCRCHHKWJP
303: QRBUZBPFSYO
304: XNPJWVCJLAM
305: OTZFQMPOOPE
306: ZWDSOBUIAAU
307: KCLFLZLMJBI
308: UQKAFLJKJSI
309: YAFXLHIDANE
310: YOCMYIKOJCL
311: RQNOKKWOVJU
312: QGASLRHQWNO
313: ZEUHNXZHVIB
314: SNBLKZZQQWT
315: QLDYGFHCSLA
316: BXZKJMARAEL
317: BKDNDLUZJUH
318: HZAPNYVBOLQ
319: MNFSQIAVBJF
320: WAXWDQLZTYF
321: MZVOCJGTXRU
322: JQFEZTKETDS
323: EWINFUMGXOY
324: SDSKBVWOCSD
325: UADREIMMBYS
326: TYYPUJZKYTZ
327: AURZLQUCJUF
328: KMVEGNPKPFS
329: SEBTAFYUHOJ
330: BUHCTNKCJUU
331: NTHPHLHLBKM
332: OYAVPGQRRHI
333: PWWAOZAFZLL
334: QCSZPWAJPHH
335: ANRGJZTWHUM
336: MDIOJOPOVJJ
337: JKEHTDOLAOO
338: MWLFYVCHCFC
339: UTPFUVCLVEQ
340: EPXNCMHPBCV
341: FXWYLZCGUJV
342: BPCHHSFSDLK
343: ZKRVTIDMFPD
344: QZLQTXWXINI
345: KXWCPLOQMUT
346: ZFQUHFDUDKF
347: YPHWMBGYFCB
348: GUPROZVCNJN
349: GAXXVHOPCMM
350: ORQJFUKKPUU
351: FHWQZMRFFGT
352: WBWBOZCUFWZ
353: KHZLFDJHRIQ
354: XLQFJFAHOCM
355: AAZZYZOGPWH
356: ENYHGUNLAAS
357: XJMXAPNPSZY
358: LNERHMYHUYC
359: EBDSITYKUGB
360: UNXUSFBPXAD
361: ABGQXCSOAMM
362: UPRYKRLVFGR
363: VJPEGPNXETH
364: PVTAPWUOZJB
365: YOPCJTSGUHI
366: YVAGWWHZDVB
367: CZLBCYBLXKU
368: PPXYGYCDLEL
369: ABTERRZDRRH
370: DUKDAMWIFPT
371: TPDDIVVVHTH
372: FOLYXJKIIED
373: DIIMNWCLKXH
374: LUKATRWWCVS
375: GVTPCYKGQTG
376: DDRLTVLTIIA
377: ZGTFVMDLHCP
378: EACTFXFQXSX
379: TRZPLBYHKVK
380: VZLYLLSCVQA
381: EYFSLMTBZLP
382: XWRSTXFBSRH
383: GEZBXJDCMYV
384: QZFPDKLNXHI
385: SOUJVELKXIL
386: QXTOLSZJHPC
387: OFBDSZTSGTS
388: XACKMTXLAOE
389: SXUHELAVMQX
390: MZXOYCPUPZN
391: PHGQBKILTCX
392: MPXQHLIRCDS
393: HHBOMOXDTXZ
394: MBLWLLZHCAN
395: VJOMLTZSMYT
396: LQFUUFMKLOF
397: GPUIDYQESNK
398: KYTNGPEOWCG
399: TWACYEKFQOO
400: UANRNUSUOIX
401: BQFXMSNROWG
402: YCIDMKOZYCR
403: JBPGAEMBFYA
404: IDDARDAKFDH
405: OBJWMNURORQ
406: GHLGYJFSRXR
407: CJRLMWJTAQW
408: SLIDAIGDUZT
409: ZBLDJTXCFUH
410: YQOJEGVBMVV
411: CJYUMYYVOBP
412: VEODRYVHVER
413: LXWEHXLWBRE
414: UNEWBWYRTMD
415: IWZNDHXUWZQ
416: QUWUEFIPURP
417: IQBEXYDGWQC
418: JMGROJEMAPI
419: SAURHXRTWJA
420: XRRKAMCEEVC
421: KBRCTKWVQFF
422: ESUGBORJSDM
423: KAKGIIXTDYV
424: KFMHAAFBAWX
425: LPXSXCKCFNO
426: URFMKBXRFUW
427: BXHRIFJXSJA
428: ICVINPAPFOL
429: ELMXYXCMNDE
430: BUGKCGXMHHP
431: TSMLWBVCYVI
432: QJQHWEHEFCR
433: WKZNSQXMPNA
434: CQFHXYHHPTD
435: KFMVQHPTMTX
436: SWBBDFDPADJ
437: OJQGUXFIZYF
438: NTUFJRMLTYS
439: TPTZIENGVKN
440: XVEMRTGONDE
441: MEKFKAVVNIE
442: MCALKLOPFSX
443: ZZRVNEFOPEK
444: HWWURBAKNTK
445: COESWTBPTOX
446: HUUZOOJAMDU
447: ORRAHWTSPYC
448: CIQQVQILMZM
449: EFDZXQNGQBB
450: YFRTPJHIOSD
451: KIKTLZBYODF
452: WJOHDVQWUIJ
453: CTRIYIOCWRZ
454: ERQTCJCUERU
455: FZSTJQFYTBR
456: NQYXTPQZAWD
457: GZZXABDCWAP
458: EHKDHQNHOHM
459: RBPVAZYFRDQ
460: ELFVYFWYKUH
461: FDADSKCOOZG
462: ALXZFWHFOOE
463: GKNDUDHGVXT
464: JQIZWDXSKGM
465: JCWSDBCTOBL
466: BYPIHNSAXEW
467: CXCRLZEXEWV
468: ZGRVWFTTLPT
469: HJJSUATIDAR
470: VFUZMRMFZOX
471: CDRCKUUCAYK
472: RGTRGKFACET
473: LQCJKRRUHUI
474: RYEMRRLWHNH
475: LRFVBFTIBMK
476: FCQVXARDGBU
477: JQNRXDVZGHF
478: ATLWCTMFNRZ
479: WRJNBNWSZQQ
480: USEKCKSNSOG
481: GEZXTENPJYR
482: ZBOLMWSCLMG
483: ROBSHZRUIAC
484: UNCIEJEAQJK
485: TBGYUJPKZVC
486: ETVSXRKJUIJ
487: DANIVJWZOQK
488: DXMNVRQWUSS
489: OHLFWHODPMR
490: LETUJWZISGZ
491: PPFGMRWCFOX
492: TTQNLYJRVWL
493: WGNEJMFTOVB
494: JIVBRXJVUKB
495: ZUHNUCVFYKX
496: TZLOWPNQCZX
497: WVOCRPTDLVZ
498: JNMMNESQZHT
499: JMWVQLCNUKN
500: JZPEXAUAZAF
501: WJWGTGHVZRN
502: LDSKJKJKSNN
503: GTLSRHUAAOG
504: WNPRNYTDFPP
505: TFKSMPDNRFO
506: WJAMPQJCMZU
507: YVIUIHFRPFF
508: RLOXBTENDSC
509: DPSQHWRSYOO
510: JZRSZFKQRFL
511: TKXWVGZLTFL
512: ILRRAKBPNYH
513: DDROBFVCYWB
514: ZZBPTGVTPRR
515: DGOBSHLLVIG
516: WKHTUQZCIPT
517: TKIZOZHQEPJ
518: PGIUJBOBABF
519: WNANIGIUSFA
520: NWVTHASYRCP
521: NLSSMDDKFXO
522: KMUVBRSMZFH
523: IXLRBAUNKWD
524: KASZBNUOIUQ
525: BJKQETAECBU
526: PFDTTXLTJIN
527: TWUEGIFJVCF
528: ZUYFCMMTHCT
529: GMZSRADDZDY
530: QYFIQUGYCCR
531: RVTQWQNVNMU
532: TATNMCMIQOP
533: VEMLUDWHTYL
534: RVZZURBLHTU
535: GRTMLMQYIVW
536: NVDVEFTXTBA
537: IVRJFSGJMCA
538: DMHCTJICFTI
539: NGPSRDCWOKL
540: YRGALWYOYHX
541: RGRBHOIIOTK
542: FIIANGYUPWS
543: GMESEDJXSFM
544: QEJZUIRMIRO
545: MVTMUXYZEAH
546: RBHILWKXRWP
547: LRNMPWMNCFY
548: JGKFZIUWZJY
549: OAXHBXKRHRY
550: RLQTMDCJXAN
551: LJMRIYQZAZM
552: ALHCNWYBCLT
553: DLZDVLDTBWX
554: CBWZKLYDNEX
555: PMOOCCOHYTP
556: SGUPUUNBTSG
557: IRNCKYEFOSV
558: QNELAMVVJNQ
559: ZURYYVYACKC
560: ZGRBXNUQJST
561: ERKJRPWILRQ
562: RQFHMVMQXNN
563: IEHUACOPRCU
564: DRXDPAFQYHU
565: LBDYOCNLKAV
566: NIWQUEYWPND
567: NDWLQCUSRXN
568: ZPYDIJMYUSL
569: MVNRSRJUYXT
570: GALJWEIMFZG
571: MVEMQTZZZMN
572: UYLJJIPOMKT
573: PXRJHLCYCXT
574: LYFVBRQHFWS
575: SRJRYLBUROR
576: CPQWUFEWLVL
577: EXFAXUXQOXJ
578: LJYHKXWWBKR
579: YOXDMWNIRGZ
580: ICNEAOWJXQG
581: RVOQTBNDVND
582: GHLSHFFRLHI
583: SHRPUPITZVN
584: UZCHYXQXGAU
585: TNVSPCSWWKN
586: KHAQJKZOZMF
587: JVRISQLDXEV
588: YMCSFCEXBGM
589: EBZWXEKSXLQ
590: SWSWEKTLHTJ
591: XDJPPIMJXGS
592: KFQQSHMGKPZ
593: FMRQBPWATOE
594: XEXIZGKEGPA
595: XPQBJCHFLPV
596: QNNNZTKGPOI
597: ZGBKBCQFUPG
598: FPRJPQXCTPC
599: NRUFVQOBEIK
600: LTSJBWDAJHK
601: MTDGFWCFMZZ
602: TRIYVXCMVTC
603: RAXFOYQUBXG
604: VRZHYLJQQBH
605: SDOCPVAWNPW
606: BVILPJKMBNZ
607: NFMJMVHKLAD
608: PTNHPTZGYCR
609: DMHCVIVIDUW
610: CXLIDRCFOAS
611: BFWNKACZUZG
612: EUXSMOQNEZY
613: OTPPJKGAEXU
614: OXCSJNKLNZR
615: DDRMMIWEMKX
616: RXEGKSHKJHB
617: CZLGFOTNXHJ
618: ZFSWZDTGPJQ
619: EPLIGAPJCUS
620: YWAYMYHYSWE
621: FRBSERMMACB
622: XZJYMHSRNGT
623: CPCWBVILQHL
624: DWUOHTHNISG
625: JUUBDBNFIOZ
626: ECNOJDWCIIH
627: PFHBRHAXGCA
628: BHAHNRTWFRE
629: SFJDEOISSWU
630: ULQBEZWVCVA
631: KSQPPBHZZEP
632: ABDYUDQOPNF
633: DAYZKRHDWID
634: UDVXFUJMQFT
635: VGKZNQJJTFN
636: WYIHJUPTHEG
637: YWWCLINHRJD
638: TBZBZSQJPGY
639: NCMFOKGYSCQ
640: YRDYIUSMQEP
