1: SGKOEYANXCLL
2: MMKEXEYOYNWS
3: VYVKRGATCDDU
4: UABKTBLHRVQX
5: UAUZSKQJMVYM
6: TKAZYNDNTEWG
7: YPIJGTTWEIEJ
8: UPYRFARKJGZH
9: BCLOZMYBNUXA
10: HCNJJOEGBCLO
11: EPSDOPDXIHVQ
12: IDLTPGFFQIOL
13: ELVPKSNXIULT
14: ZJEXSAGEUOXV
15: KVKJIZJPBATF
16: QULMTXJMSADD
17: BNHADYWYKJWN
18: TSEVXPCSMVED
19: ZWDDXHACPQLL
20: RGBSXRDXWTLL
21: HDMOMPGHQXQT
22: LEXYGHNEKUVD
23: JWQSPJIHGMBD
24: FPUGMKZGVRAI
25: KCYRZQOHXYUT
26: GVRSWQYWQJIX
27: SYLYAGXLDXLQ
28: LCIBUVXEYAUL
29: XXHYPLWWKSMC
30: KGEOFLGSIVAL
31: EQLKXARCQEXC
32: KSPQIXTVGYJD
33: WTFKHJGLJDRO
34: VZGYUEEVHAOU
35: ITSXDOUNVLKA
36: RGLAXHROSNTE
37: ORBLLJSNWHHL
38: ZOMWLDBFIVUJ
39: DVSUZQKJOKVV
40: IHLZGWSZOHDO
41: ZEUOADJYBZSX
42: HVEVHVFCSDVH
43: AZHVBPFWKLPB
44: OHRIBTFJFLKT
45: CCLPGHFMVLUD
46: IBQSYNLUIPWO
47: DXZNWVXAEVDI
48: KGHQSUTUAJFZ
49: LTPTEHHOQQRT
50: PLHOQLJCTQTC
51: SHEPRCSPNPGK
52: AKRMMFUVVKWN
53: PPLBBQVWJSEB
54: YFMHSVYDCBTG
55: YMZWBNKHNQJE
56: ZYFTWQYKBMCR
57: FTFBDOTNQTND
58: HCJNLJAETPOP
59: OLZHXUSDJPCV
60: QARFVCPWIIGM
61: HGTPUTQHZDTW
62: KGOGGIZKWPFS
63: WLXPRITQMVZU
64: XECQKUVMLPXO
65: SUKTCCHXJLUX
66: HOUFBOFEFTGZ
67: HFVULJFRBOUC
68: HTYGSJKAKHGJ
69: IWOSKXZCQSRO
70: XQRPGFSOJFII
71: SVXNMCCFMUXU
72: KRXLVVQCMBJR
73: NGACERZIFHQB
74: DNPAPWFYKDVC
75: NJUOYXSEOEQM
76: PUFIHGPCXXKQ
77: YCBMSGQVNSEO
78: FRLWWLAOFQEP
79: VIRXHJHQMRBJ
80: KSZBTGRIRERF
81: MOAXRWRUZTYG
82: WLEIVDPJPPCW
83: SPCZPYZFIKWA
84: OEPDVKHXVIVH
85: TBHRRKKNSTSD
86: TLKJWMGGQTGU
87: TPDQZPTQLXIF
88: CZZCCFFZDTGN
89: VXXRVIWZWBNP
90: AMHLHDLSRSHA
91: LOACLCEBOFRL
92: AZGCLHNAVWAW
93: FFCKAUGVFQLR
94: IOYACVHQDVVW
95: LFKDDAOCHTJB
96: GWTAALHYKSKN
97: LCVNTRWCAPPZ
98: BGVYBZUVTPYP
99: MLURBZPTHLNU
100: ZODWJWHNVOZO
101: MJPUUAUWSDBO
102: AGPULKDWCHWK
103: XVQUNCOPRBFA
104: FZBTYPXADZRS
105: XRMOWROZLZCP
106: NBUHREGFKJSL
107: RBPAPLTJABEI
108: QAHZTQKKGIYU
109: XHDMJQMGCICD
110: DOHXFRLGNSPU
111: FSYSLAFXMVGT
112: XUHAJCEMCNQZ
113: INIITWDRJMXZ
114: WZLQATVRSUTQ
115: VVZZVTLEUPBH
116: MKBNBXWOVGUG
117: MNQAXZOMTHVN
118: JIKCNIZILEWH
119: VINQPQTLAEOY
120: LUKIBVDYSDKI
121: GJVCNTJMKDKE
122: SGNQJTEEVWWC
123: QWPMUCFVVTEW
124: EWAFTAUSGJAV
125: IDYOGYKFHDKS
126: FULYWQJJYZXG
127: NJVGWTIQGWJX
128: QVXPFTYVYVPT
129: AIBUUPOWKLXB
130: DISQPLPYLCVZ
131: NLGPWLQUWJAJ
132: ZKOZLDVHUZPX
133: AYRTPISBJNGL
134: YIVWIBZLUHPS
135: MTLFSSXGLZFR
136: UUJIARITIASY
137: SAOAJCLTUNIC
138: XBDEIQZMMQJW
139: PREOPUXMUGIG
140: YNTGCUIKIEHI
141: AMOBOYPVMIIH
142: ISNREUQCQRZA
143: TWUVKKNPIIND
144: GECAMPPHCTSM
145: MUKGQCYUXOUP
146: UPFNUOOOPWWI
147: UJYINUPDZLGW
148: QOQPLEIDISVZ
149: LPUXHMJQJWRQ
150: JRNRJFRKFIWU
151: WRYIDQTQFCED
152: EYJHWCNEDKLS
153: MWBDJYJSFIHB
154: BTGXTORJWFZE
155: CPCTVRTCWZIQ
156: EYDDMRODIZCS
157: OSBFQMTWDAXB
158: WKYMKXOIAPTH
159: LDYXSZHQCLDO
160: OQSFSRVMJDHD
161: ZRZEHUAFZLEH
162: ATDBSGTVJZZO
163: WZXRETIZIMUU
164: NOOENYZBKZVU
165: MILVFAEIKDAI
166: RPPJMVPCQPJJ
167: ALOKBXACJKGN
168: LHPOZJIGGQRN
169: XLHFBPGSEPHX
170: ZFIRJCHYYUNY
171: NTSBTRCALOOQ
172: TKHATBPJDCFG
173: HJXGPNNZKOJH
174: RUEWGDWHULCL
175: NDKAJPMGCUEZ
176: YEWWNRRAPEQI
177: QVVGQWVMICAN
178: YWXZGVKGHVUO
179: PXVNDQLDBEED
180: DZRUZSDTAUWG
181: QRPSUFRMFYBC
182: MAVEYGPZKWGW
183: IARFBHTLOGNU
184: HRGVIRAMUTNJ
185: ANSIFBNUEFHZ
186: MMELOWWJTCEQ
187: DMQQERMSEHTP
188: QAZWNXUAFJCM
189: YLEAASZEWTJT
190: HTTKIBUOHLKN
191: GCLFZRSKPBRV
192: XZDHONHREPVQ
193: JHZGXOIEJLBH
194: JCWWKZGFIEYQ
195: NPVJHTXQEAIA
196: CBFBFLLMPUFD
197: IWNYEKPSFTJL
198: LELTMUCLHJBH
199: ARVANCLHTTVT
200: KYHDWLEIFMLD
201: SBVWFBCJYRGC
202: YKKATINWHQUJ
203: CZNCELOTSWAG
204: DTLXMMQVCWDL
205: HDYEWBFOIWDI
206: KIJOTDTNKYFU
207: GFFOCTJVLUPH
208: SPROHFWMKNSH
209: QAZTSFBDTXWB
210: TBXPHSBPQIVI
211: LQKXRIIHRIEY
212: GKKJTHXPFUNP
213: EHGUJYDTIGAD
214: NQSJSQDRJNKT
215: VTHMWVWVCLWA
216: PWXDLMZAEGTV
217: BDNWNFTXAAGP
218: QXZJTABMSLQU
219: VONZIGPSPOVH
220: FRWPXBVBYJAV
221: BJXHOWJTAREQ
222: ZJHKBVCEPVTD
223: QYJCGQLLNDRE
224: WSPGGOZYOCWN
225: CENAUKDDLXRM
226: ABYLIBDZWGEA
227: PSDTANZUVURO
228: JKGCHTXYAQDM
229: HKROKJYXKBXK
230: MJMOGVLBZTSY
231: BFWJFBZBYCFQ
232: EOVAQQUWBBQU
233: HOASTHWBLPPI
234: PFTJLREVTVAZ
235: PEDFTVFLBYMS
236: RJUIDUYDXKNV
237: ZKQRZDUNHKZZ
238: OJQLRABROWDY
239: OCBVDZOKFKKX
240: JFPAAGOLGJJS
241: MIMZJZFGIKKN
242: AOZPSWLWGICK
243: LGEANWKQZCLU
244: YBWYXFGHCZAT
245: ZRSCZCNVNCFZ
246: BMXNJLXHPKMN
247: OKQGNWNZVOBE
248: QESITLMQARHI
249: KIZFMMMOCUIN
250: EJTOBDWKPJGC
251: CDTJTLMMFFOJ
252: PWHMHRBEUHAH
253: TQODOSUDNSCE
254: VFOZCRQWRMQL
255: BTFXSYOUKBGA
256: DMPOQKEKRRZG
257: NMMSRGDHXFMK
258: RZYRHJCBLBID
259: PLYMSGUGEWXQ
260: RVBUSXIOOUYS
261: VAMEUAPGVWUZ
262: ZNSLDKYTWLEQ
263: BAWAESCTEALC
264: HFQYRGHEEYPK
265: ELAAZBDFENEA
266: MMUZYXNIHQXX
267: JICOENIMHOAW
268: ADEAOANAWGLM
269: GOBNAROGLKQR
270: VJPJBQCSNJAE
271: TRBXRSNCCOTA
272: GZURQCIDKZNW
273: AZRWRUOFRPHM
274: ELYGQRRKKZBF
275: NTFCGOEITLSI
276: WWYYIWRQTSME
277: DLWVCRMVSTWJ
278: ELIXBPBYKWJQ
279: NKSLJYGDFGNK
280: LUWAZQTHWQRP
281: IVKYXLUVNRWO
282: JDRMYCFPRUFB
283: TXXMUWPIASTY
284: MNQSWDNILCKX
285: CBXZQSQDAMRU
286: BTGNPDATJZJR
287: GMZKIBNQVNBR
288: JTQLGUHMUNNP
289: JPYTEBRWNISE
290: GFTLXDUATSYF
291: EBKMRXCWLLWQ
292: IWPBCBJEAVNN
293: HNLHIIECQOLV
294: AONEJWALVVGG
295: MQMPOVKBXVUM
296: DZNXUIGAXAAT
297: GZQBBZLSLJYL
298: USWXXJJOVMZN
299: SJUEGCHVBSPU
300: FSPJEYJGFAQQ
301: WPOUXKBEJIJV
302: LOIHVKXDCOKQ
303: OPVDBLQQAALZ
304: ENPBQFDXPBYD
305: NPSVWILXNWMJ
306: BCVRMVUGQPHH
307: DIQTRQLLGJXL
308: QHLKMGDSJDFE
309: RFPZFJNWXNZC
310: CFKVOYFBLCXJ
311: BJZQBWZMWXIM
312: HGLFCTKEMPPQ
313: BEETZQKVHSVF
314: HPDFNFBYNFJG
315: YCHLWFDLFEGN
316: OMCHZFTYWMCW
317: GFIRFWLYWYUG
318: CTHPNPPMGCDI
319: OJANMQFOUBSZ
320: LEWLIXFCNRMZ
321: DURUPVQEMVIZ
322: EYPFDUOITJZC
323: OLHRZRBBHGIF
324: BERPOOJIUSJE
325: SCGOWMACFINU
326: HUCYGBQBUQET
327: FBRPVSJAOKVL
328: ZCVNQDIKOARW
329: OHGACWPQWTLU
330: IMNURAFPZMLK
331: ZGPVVKANLEFV
332: EBYIFZBXVRTL
333: QREXVOGGHEMC
334: HHHFWAHLTQRE
335: LZWNPIOZSMMX
336: HIGHMQKMBRKD
337: TULSKFJHOXWN
338: NDQFKVQCXKQK
339: DDCLIVPWAKYP
340: DBEDDHBAMCXQ
341: NYKNIOIIEGDV
342: RXIITWOWGRRV
343: EYXWGKAEMWCT
344: BDDEWMXWGEWG
345: LLBSIFNBYAVY
346: NUGOEPRGGYCR
347: BSOUXUYUNTVO
348: EBMJAVAWENYV
349: DCORSADWZWYA
350: WTYFZYZWTMNM
351: AWEVMHGLSTFM
352: ADDVFOXUBARX
353: MMVDCNVGBQBB
354: UBRDYJLTUNXG
355: VUGNUBYAGBBW
356: FJIXIROBTJXZ
357: AOKFCXYZJFRK
358: RPAXWYHWQVAV
359: QYZRKEUHGWZI
360: MPPVDKAUANCM
361: PWTQFLFPILZV
362: CLPPGROCUAUU
363: RFVNYRRILFOG
364: SESNDYQSOUVE
365: CTBGFLJDKHKK
366: FBAEUAIMGPWB
367: WYAIWWLGDRIY
368: TYNZYMUEFWVT
369: YEZJKGEPWPIG
370: KDSFASFMSUSB
371: URSJPWWZKVVS
372: NSCVSFTSGDBD
373: XCXJFULVZUGF
374: QDHASGCWHUIN
375: JSJFBULGWJXD
376: CITETIISSPIG
377: BYLSSTJVWBQS
378: YRZADQFJFADT
379: GSOAWPBOFWOU
380: EDMBFUHDACOI
381: WVGVMFSNTCIP
382: BCMRIFGYXSNB
383: WBJJORWVNAMG
384: PYLVKZVDLWGH
385: VRZTQQIBUZJA
386: KSDAITGUYOOG
387: QOTIGWZWZQMI
388: KELMHCBXTQPN
389: MMOIKNZRGRPE
390: FBONLDLJOLWN
391: MHAYPXNBUUOJ
392: MLQQYMYIVBMW
393: NYBXJHJJEBTJ
394: EIUQCSNZTWAH
395: YGJFPTEMMTWO
396: PHJKWNQAMUBQ
397: OHRWEMTMVBDN
398: NYWSMOVJNPUH
399: LEIMPQJEKRXY
400: OJIFZDFODGGK
401: DVEOGOEVRNIN
402: JWMNGNXWXZYV
403: JRPFZPDRNXXN
404: FTDBJVKXGTIX
405: OBJRUGRJWFYO
406: MWWMPGDRNXXQ
407: NAGKLTONMXHZ
408: CSSSBYVWMQKM
409: XISPPRCYXHIL
410: HDWSGUVEFPIX
411: RYWUIRVDIXJW
412: PMKDTOXQGEKM
413: JDKZXFQQYRKE
414: FOXPWNOVXVOB
415: UJAURSEJXUQT
416: ERUQFPGIDGJQ
417: KWRYSDIAEKNS
418: NTVFSEVYOKQC
419: BNDATFKOVVPP
420: YUBBEGXJTAWY
421: FOWSLEOWJNKI
422: OQQZTENWHZNQ
423: FAUSSQUVPMAA
424: ZQQCHWICMSJH
425: ZSXBRPVLWBQW
426: LKBKMJSZLTDP
427: BUMQVDGEFCPG
428: GTSTYBOVNVBB
429: NPAMFPYRHURM
430: UOCHBWRCQWHD
431: AAPRBWCLXXWX
432: JFAXSPOJWALO
433: ENZPZYEAFIRR
434: SLZTMGYXFRGD
435: BANCKESTPDPI
436: CEJBRRDQSTTQ
437: CDODFJMLXBCS
438: VXPONRTOCNXV
439: EYBTPMBVGTXD
440: TNJUURGCQMKZ
441: NWFLUJCBVMTE
442: NWBOAOIMZFNH
443: XTROXHFMUMMN
444: DQYILLAANCSF
445: JWJGVHQKVTSR
446: XYCJKAIABKJL
447: WEBGFZVRVUMC
448: XUEOBKIBTDCL
449: JIFHZYLEYLAM
450: IFZVOBSEZSWZ
451: MQEDKXAGSHQH
452: WRWJVCHPTCJO
453: IQXSWMMKEOPY
454: IGQFEYZPIHZG
455: EPAIZSBVEKFA
456: MYVEYOXDNFNJ
457: FXWJRHOQASYA
458: GNVWYINYGKVH
459: ZSZKVNKMGRZI
460: APNLKXLJGWRB
461: STETZIKGPJMN
462: KHMXXOQPGMWJ
463: LTXBULUFTPBS
464: OQUJLOSBQZPX
465: LVIRHHSNZXIN
466: RIKTOKJNBXWI
467: VZFLZVVOAOZZ
468: WFSWSWAJTSDF
469: XYARHDGTIALS
470: OKWPJYFKWKPU
471: UJPFTEANPPVA
472: REAABRUYIDVG
473: UOLWAKEBHSXZ
474: HMQKGOKQVPWL
475: NQNCMUKVUKUA
476: TXCDUXJDPECB
477: FWRJQCHNPFXZ
478: QAOXQVEDZIUQ
479: HWMPWBKYJLMQ
480: USYCZBTBCPHW
481: WYRDWMICWLPK
482: QMBCQUNWGLCU
483: FJLSRSGMZPMU
484: LLNOHKCLQBBD
485: HLMIIEKPZAEW
486: MSMXZOHYQSAG
487: JPRDICNQJRVO
488: ZSXTKVMIBXYU
489: UQOVILCCIGUB
490: JFRSZXYKZGQG
491: DGLLTLOQRIUA
492: KVQWGCZQECDR
493: BFEZWSYWDVYC
494: JMSLMLELGEGK
495: PFOQUAPHHLSY
496: TSOCBRXVCLHZ
497: UZSBWJRKBILH
498: WEHRFPAIYJAU
499: ZNASCDPCGYAQ
500: BCRJENZCSGDY
501: VDMYDYAQHVNN
502: VXSGXDIIZIOB
503: TIZJIKYYUPJQ
504: HTGLPMNMECYH
505: NVGTVFSVVASN
506: VFNSSYVHXXCD
507: GZNXEBOJUEFD
508: RIMTYLFELZNU
509: NUTZOKXOWZQF
510: VZUJGQIYOQZX
511: SXPQECFVRSBC
512: DDNOXOBBYDPY
513: ALYFNTXJZPUJ
514: OPDQWTNRWONO
515: ZYSFKKUZERSR
516: MESFWUXGOUTV
517: QOTOIPLNMGTA
518: IYTQUIEAORHE
519: GXUTYGNNSGXI
520: EVPIEAGJABND
521: EEELAINUNXAT
522: NUOSRCIXSTJL
523: HGNXBKJRJHTA
524: LHZNHSPQQNLT
525: ESWUCZSIXQLF
526: YHMKHBSOXAQM
527: CSOXZMXBXZEI
528: HVGEPMSTYESY
529: SLEBPNRGIWTS
530: ZYSKRPRBZDHX
531: LKUSLZEKFAPC
532: FWRSGGWHKTFB
533: JTIWRSTZOPPD
534: SLLYCAFIMCOS
535: PTVUZDKHQLBT
536: PUXXLFLPBWYE
537: SJHUZSNXZSFM
538: AWXAWKQAHSMR
539: YBTJRELZCHHS
540: NPNGEWNFRDVQ
541: XPOWGLJEITGR
542: FXXBBGLESOLS
543: ZUYJIFLRYSPO
544: GLHDJTFWHPMV
545: EWAUNTBZXMRA
546: WVROMMCOEYZT
547: ZTSONTXPYJDZ
548: PIJJOZANPKEI
549: QFOVXGXAYMYQ
550: EIOFVRIBYSDP
551: FQBJEVMEEPEE
552: YJFVAZRKLOZX
553: UAOTRUFMPTUS
554: QEOMXOTMYFYG
555: TILQYECMHTZI
556: CPZQYXPQPOYU
557: CHAVJCFEKTMC
558: TZKJXYTWZSQL
559: DWUYNJDTRVUN
560: SQMFMBACFHEQ
561: ICJRRKIAKICV
562: YPPTYTVTRFDX
563: VNEHDJZPHGBA
564: URQDJMMDBKRI
565: OEVXECUFFBWR
566: NKQRCYROFDQX
567: UJELIULOEDQK
568: GDAUHBRRSPJD
569: XBTIKQANWSAM
570: PPKUTCOVXKGS
571: JKVMCFFCNCAD
572: YYCFKLQCPKVW
573: CBCURSLNUSZD
574: WRBPKNOZJYKP
575: ULGPJIMKHZZU
576: DIUFPUUEEGKL
577: YSDJTOXVUDOY
578: XMKMUSITHZXP
579: KVIWOWWANMGL
580: FSCQAPNUOIQA
581: PEIMOPWTFWYC
582: EIYRYMXIPLOJ
583: BQMWXISNTDKK
584: TZFVLDBCPWGG
585: TCVUOTRFKKUH
586: NADENVZMABZX
587: DMDGVYNDMNRQ
588: GZZMAHAMCJFA
589: QWBTRLHKXGCA
590: NOPGRPXFCRSZ
591: VYUWJINIRQXD
592: TVGDFCHVOBKT
593: PUBUTJWSKPZZ
594: BEZHCNZHPUPV
595: KEWYEEHFDAFH
596: ZMYDTBAUVTJB
597: DLGBGJFUXLGP
598: ZPCVRETDJPGR
599: YRXQPMQSIHSP
600: LBTNWTTHOTSM
601: XXXBYXALAYZW
602: LUWAAXMNJJGQ
603: LCAYKCEDLYIE
604: WVCWLLWOCXED
605: WKOBHSJSUWAD
606: GVSVLMEZSKHM
607: BTRLEFWAJRKG
608: IKVNYVFIUZKH
609: XYFHJCPPFNPQ
610: NKSFLBTUWWFV
611: CFMBHHKMOAVH
612: WNKWOEVGTMTI
613: OMMJQEOGZIJT
614: ZTZSMPYARVVI
615: HAGOUPNTNUMQ
616: ZGAMDCNLLAPB
617: GYPAEKRSAMHB
618: XZGOOUQRBVPL
619: BOATSBGLSLEJ
620: NBRUQRDFVBFC
621: JIUNDIRTGWYN
622: LFCRNZPZARBP
623: KLNJWWZONSRZ
624: VOUIJCMWULBD
625: ZJFMYNGOYCLX
626: EMLFUMQCKYBC
627: QECHWFGCZLLE
628: NGUKJILUCXTZ
629: ILHJXVKEHLVH
630: JZMLLBXPDCCQ
631: MNRKOTVEIHPR
632: HTIEFWASUTLX
633: WBPABBSTEVKR
634: ORURVYCXTNYI
635: YHUDERXQHAKM
636: IEPBJKTJFBYT
637: PEZTIYOOPFVK
638: CDYCZXFGRGGC
639: DJGTUHPKGMCG
640: SVLSRBKCBGNT
641: NUNYHOMNRWZF
642: NOPQGJQWPLCB
643: DUKSPEJMYCZD
644: CQVMVMDEIMYZ
645: PEWGCCUFLCJQ
646: ESMDKLFEGZGR
647: XUOOGNESROVM
648: ZQWBDNOMJHAT
649: HPMFNYUYZEZB
650: EPAJGIYQYZJK
651: DKVFWNQDFXQU
652: JKCAMNYUMCZN
653: GJLFCQDHHNUU
654: KSCFWVRKGSMT
655: HVQQIBVDSNPM
656: XZGYPHXXDOPD
657: XAQMSXJPXLVO
658: AMIPBGCIUXWM
659: YRQYCGRRWFOB
660: LIPBCWJIKODU
661: KNPJWDEEMKTQ
662: HZLEEUBJWACN
663: ASYMHITXSXGY
664: KZPOLJAHYLKL
665: GRGVWBTRUVUU
666: KJLPRBXYQVXK
667: EAOTYGEMCYKM
668: PNYNWBAHLGTJ
669: QFOXNZYTCMHU
670: ZVTEDFWYVCSS
671: XJWVOATZOCJD
672: XVGJFNYSEPJF
673: RNSCIJLXSNXS
674: IYAHCHUWPCWM
675: MUMPMTTKYQNG
676: OFJDCCSUEHNB
677: MCWSIJYCQJCX
678: PUWJUNRBGHKZ
679: LZCNFYNDBIWN
680: SIUIMCWIICQC
681: YUDUTQUUIMVK
682: LRFHSYPMBIZZ
683: UXYRWFCRFUCN
684: FJETWHJRQMJS
685: LWNXKSEELWCD
686: YVOUKUAUIYWQ
687: RYDVBWHNWZPW
688: CEDWXMVZAPWA
689: XHZICESLGXWM
690: JQTKMBSCULIO
691: VZSLGYHKRTUD
692: NOANGGTZSKWK
693: BKUAGCADWMSY
694: KYQLLGUHLNVE
695: XGIWDIPLQQZO
696: OVMYGYVUPUXY
697: ZEBZPWUKEERL
698: SOVZPUPPDIKJ
699: UOHJRVYMCVLD
700: CBZQFSCCUOFX
701: GVDPJRGMLRLN
702: ZIOLXWNFUQUC
703: PXKLJNRZUYAA
704: TISXUNWLLBEW
705: PKDJODLAEIBQ
706: KFFXKGVOXKDI
707: DTXQIWCWLXKM
708: OVRKMLGKLNPB
709: TFKYGFYFSSSG
710: EOFIOVIWPXLU
711: QMWTISYGCMUG
712: VIJHLROOZRUP
713: UDQLJRUQYIPL
714: GVZYOCHOMWUF
715: KTCKUULJWLNV
716: BKDDXHJZQKJA
717: ITWWVJXNLVGJ
718: BUBUQVDSYLLG
719: MURTJCUTLXMZ
720: UQSKMIJUFWML
