1: NYCXYPEHXORHR
2: NGUHHHGNLQEPK
3: WNAAHBEOBHTVK
4: TDLCAXAOEUMCJ
5: ZBBVODJHTLHEN
6: SZMMKIHCGNWSL
7: HKDEICILXHNUS
8: PZXJNXGWHVAVK
9: SAEMVDFOQTPUA
10: XLYOYNLCJOTJX
11: FXOSBSPCUOVTF
12: NASHHXBJJGITK
13: ELDVWFRUAUKCE
14: WPZJNVMNKINLH
15: WJASTCZGFIIIC
16: EEPORXXUWCJYB
17: NDZSKOATCSLOT
18: CLVTPFKLVAIGV
19: OILUIXTOUHTBQ
20: XBYRPMIHVCHXA
21: PVUWVOWAPPOTK
22: RLKOXXIZWMNPU
23: WPVDUGJOAVAAT
24: FGBJPLTEYOCWC
25: SUQCQKPKIVWZZ
26: HJLFSKNDDVOFA
27: SICRGULWELRUO
28: FKPVGEPRBUQNO
29: AMBDJBJMFHTDW
30: EQOJQBVACBCGW
31: NWLGVUVEUFRHY
32: SRJZMABHKXNMH
33: RBWZPYGEOXCHD
34: PMDCYIYDWXFHB
35: PQZYZKHTRXJXH
36: GARWUIFXFBANU
37: YDDGTSINEUBCX
38: GTOCBNWMALYWZ
39: ZPYTGJFDJHCCM
40: NIXPDDDKAMEEQ
41: UGDNTDGZQZHFQ
42: QHZMOQRJAABSF
43: KCQXCBVNZSBJP
44: UNCYRNQDKWTHH
45: PTMTXAVELPOUG
46: VURNPSICOHVRW
47: XZIOZRFDJHPRV
48: KBJLFTEEPMFBT
49: GTHMRYJFTBKYI
50: BWFOHRKZZJULZ
51: LYOKXORKGVWVG
52: MLHHCTGLVRHCP
53: DVUTVYMEZTMXS
54: RYMQNFOMKSKHZ
55: IKFMYRPPYOYYP
56: FCNTDDFTASDYK
57: BLIUAPCTOHYPL
58: YOJTDYZZSKGCB
59: ULGASRZCHMFUO
60: WGWFHLNXQEGUS
61: LEVJWGTSIBQQW
62: SFDCVLUUPXBAU
63: LEDHUEBDYCOCI
64: YSQOIZQHXSVSS
65: YXGDFIDUIPWNO
66: KHRFKNARNBNIH
67: XMHMIOCBIDKQS
68: MWMWWSJYPHBXQ
69: HRMGZIPLGYGVS
70: YSXATJPYKPUGK
71: LAVTQAQLOCEKZ
72: YYTCCRBRIXHVE
73: QWZPTASMEPWVA
74: ASBMNMWXFIFPB
75: VSOBPFORNSPNJ
76: HVSGFOSOHPYMB
77: QGQUMNYUFUOXQ
78: KUQMJDQEMAOQX
79: RCWPMNXLOYMMX
80: FLFQCTXSYQWWA
81: ENPIFHLOAFRVV
82: TMIHCEUHHRGIZ
83: LTJJKOVQJEMTS
84: VUEJFKWIFFXUF
85: AROJWQZREEFYV
86: IKOMVIBANJPLW
87: LKZFNERZIXXHI
88: MPELZRYSMLNIQ
89: DRLFNYXWZXBNZ
90: VDCXURIFDXIKA
91: TGSYUJDHBAACQ
92: PSCASOSEDBCAY
93: FCRXTFLOHNSJG
94: CTUEWMGXMJESU
95: IXQMRQHCQWVEU
96: OEEIYCOGCDKLV
97: ICPQESKTPZGTW
98: UQOSMXAGTXVYK
99: WFUMTJMCNYHCY
100: PDQRFLZMBNILC
101: TRMGSUCNAJIZC
102: INKHADMIIVWNE
103: NVMONRQQDGFYE
104: RZTFJTOZWTIQF
105: NMMRDCMLXJDZI
106: CGMQPXNGGDLBR
107: YWSMBYFGZDTSP
108: YUFELBJEOHXWH
109: HQDWCJMWOSSFV
110: ZUXAOVIGEOOHU
111: ANLEKDHQJWSXD
112: MNJFYWQABBQUC
113: RZUDIGPBYASSL
114: WRVKFCYILHUNO
115: ODLORJTKLFWGG
116: WGYGGEPBAKCPB
117: RDNBSRQDUUWKN
118: BZPXFXCXZCNNR
119: ZISTRGBHWJLTP
120: AQILMZYKLGFIE
121: WQNEGEYJHDOHC
122: HGBJWHLNCCBZR
123: ULSSCPOMOBSMM
124: EPJUXIEJMBEKP
125: JFFUFMSCMJQQF
126: VXAYGBOPUCAXL
127: KYNQNQXYYEYEU
128: ERZDRJVUEIPTN
129: PRKUFWTBZHSLY
130: FXSMKXJGBZLKF
131: AZVRRRDWISNEN
132: XYKSADEHZSMIG
133: CDWDINAAGMJPG
134: TAPNJFPFJZKRW
135: CKSNYYHUGFNCF
136: KLIEVQEYPYCTQ
137: GUUNAYQOCIGJA
138: XQJESGHQMKRPO
139: OEWJUYJQQSGCB
140: IVRKQMXMDJMBJ
141: YGPQQLEWHGWJA
142: CISWXGTYDNVFE
143: GLCOAKEDZDGMZ
144: OUQQZMUPQYZCU
145: FZRLMHPOEVVJK
146: JXNOPZPRSWUKZ
147: YPXKCFVSIBELD
148: LXIZGTTGVUMMW
149: HEOWRHVVLMHRG
150: YCYMKWBTSMOTO
151: YJBSPQTOSQULR
152: CNYZJSYLWYJKV
153: TOZOQDWQQYYOW
154: LIUGREPZDBRJI
155: SWDRACOQDQXPA
156: MLUXKASFWJEJC
157: SUAZXTXTNLMQL
158: GFZROSRLCUWLE
159: BXUSTJUGDVSBG
160: CWBRGPBFAQLQX
161: SMXXVCPNWGHGF
162: TYIAOUEMPXYVL
163: PVBDQGHFCEEPV
164: PHDLIEQKEQZHR
165: HJUEQSMZUBPMK
166: PNYCPAXAAKWOC
167: LHENWAXNRGOGF
168: WDUTPZIXBAYXR
169: KANEVXZGKWXTJ
170: DAOZVTDWSPEWK
171: GGCCWAKBSTWYE
172: GPLXNKRVMLJRK
173: RCFRDWZNPRYVH
174: BOPOQWUWKYJKD
175: SNPZMIIVAXBLK
176: DIEGYODGPDATG
177: UMWNJRHZLYTJE
178: YGCFQGXEAMRWG
179: SHIYEJLUEZWJZ
180: ADTJELAKHJDTM
181: QWCNLAGQCMKRB
182: MDSCBPZYWWHJD
183: CFXFNVVMVSLKL
184: BAUTSEPJOSQOC
185: SGUKHLITWHXLH
186: PPZLQDDMCDJUB
187: DWOPBYMDLPWRW
188: GEEWYYGJNZBLW
189: BDQKEGTMQGJBP
190: YTDZZZYCSSBOS
191: WMTEKFGKQPBNR
192: TTGJBJJZWDGSH
193: OXPICBNFWFORE
194: QICIHWQKMRQHS
195: RPVFTYVJWLRZJ
196: QPWGVNBNHFUFD
197: QUQNWLSEQEXLE
198: KGPTWTGAHPUCY
199: WDUMUZRIXIMJH
200: XWZKOTUVLHOOY
201: VPRJNWYZDSVDE
202: LZLBAVKEWUPGW
203: ORRGFRQWZLXOE
204: PWURMBXZBFDLH
205: WSUFIJYOBWPBL
206: HFEHKNLDPIUFF
207: WUMGWHUYQHTFI
208: ZDMZZJANPHFXV
209: HPEBEDRZNUXNW
210: FEAMUFBWWGQBM
211: DWOHHWFCOJAFE
212: NXRZWIJVMCISA
213: JSLGXILDSDQRJ
214: LXUNHSGSKGRVY
215: JHJMNXJGXIHXX
216: IYVLCEKLRTZLG
217: HUBWUFNWIYPXV
218: CEHRSLCFRKXIT
219: MCVJDTYMJNCFM
220: CKTOLUDPPQKLZ
221: DGGOROWRHUDOG
222: YVCPFEDSMBOTU
223: SJLFYHXHWMGQY
224: RPBDJMALXUGIV
225: ZXRJGGHNTYETI
226: PLJVZKFROLTRF
227: UAXLBFYMEUVMF
228: WCGUNDDSQCXIU
229: ZZDDTQKAHICLR
230: AQKSMCIQCHUMZ
231: KBJGITRQQPSKZ
232: DZIODOVGSGMMC
233: XHUJFFJQETSSM
234: JSQGYSBHMNWEV
235: DQYHTDQHCZCYF
236: SAPFEJPCLYBJD
237: LKMBXELURPDOQ
238: AVFRECBVBIJNR
239: ALUWDQWWISHIN
240: LTNOYRCFWMBJS
241: YKVFUDQHJWEFR
242: URKESQUOPZMME
243: FBZHVNSPDHBDH
244: HGTUZEYXIHYPW
245: HELCQCHYFOUKW
246: XWDQTVWZTBTVI
247: KPVHAGKBBECMW
248: ILTEVOQYENKLD
249: AWUBLAGGMROHQ
250: DZTLTHUPFUPGC
251: DFPSUKWZBWDNX
252: SXHJIXAOKDDPN
253: UROGTLDNABVZX
254: LPZUBVEVMEZHI
255: FGCUVXNZTIGXI
256: VGSGFNPURJRRG
257: ILHBECXJZHBMK
258: OBZJPCIHOKZUU
259: USDTOAHYYSKYU
260: LLTVKMWJXSFRZ
261: FPUBSQLVETTQH
262: KJACTFLTEIKZT
263: NDMPSEJRQUXDB
264: XQBZVXNKRFPLW
265: OBFWURCBNGXOB
266: ENNRQLJTYTOLZ
267: QWZGNYJALMXWF
268: FFARWMAQTATXW
269: VFIVIAJISOWWY
270: ZAZUVXUGIAIMD
271: VYGUXZEAGUOMK
272: MIJLNHIMXUPIG
273: XQRWJGTYDEHJJ
274: FESTSCMEDONJZ
275: XDEZXPNUPFRVP
276: ZOXTGIHUATVGP
277: HIDHJMWCGUJKP
278: LKLXYJMVBHYMA
279: TWPQNIUXLSPOG
280: NSJKLWVRPQNUP
281: NRFXLETWKZQZR
282: OWNFOINDSSRLS
283: RXSSPGGBIRMVQ
284: DOQKUMSFIOJFH
285: ZPILAPLLPXYRR
286: OENYXAYBFMYPD
287: CIGBGZPJQPXJS
288: QVXXSRVHGACNT
289: YRHHVIITXYJOH
290: SAUQMPABIMTTC
291: QEDKDQHCDQMQS
292: AESUIHIGREBES
293: LZXDRPVEFUMQC
294: PPQVSNVUYZDVB
295: MGNYAIBNXBQEK
296: LOHEQGBFFDVVZ
297: CIBAHUOMBTJQC
298: METIITAGSJCTW
299: IKROIDRYDXAKF
300: UTXRYWENUVVHW
301: ZUDBKMLCMPIYU
302: EWIJJJRYDJYUD
303: TZZKBSAGGMNLY
304: NXNSWDRIQANSV
305: BQXFDKOYCVKSI
306: IXWXARYSYERLH
307: YCAETFFULBDEE
308: ENZUIXXEOFDBU
309: OXQAOGFOAUKNV
310: SPSYUGRMGWQTY
311: GAROTVXEVRNFI
312: YKZKKCBORFSNN
313: BHAXDWULAZMJM
314: WHVPFBNPUOPJF
315: NOCZLHEMYZTML
316: ZSTTOYXEWPYBR
317: XXVGXFPTREJOG
318: FXRXMYKXCJKME
319: YWVGYOZEBMIIJ
320: RHZRPJRKLUAJQ
321: KUFDLDTTUCADX
322: IVMGNUGCYWZZR
323: UBUPZWRSJBZDN
324: LPGLNQQBAAODD
325: VYWZGGMZGBXTM
326: HQNGMEYDVEOVJ
327: FQPLSDWUMEIVN
328: SMTYLLHMDJWZC
329: YGRKWWWKPTGZJ
330: QRIRGENCLQGDZ
331: CEJILZLFVPBQN
332: FINRYAKQZGCVJ
333: USSNKFRTISFDO
334: RPKMDLQYTSNPB
335: MPATDJUJNHNSN
336: HEXZSBMICGJWZ
337: DPOEBWPXSOFGG
338: JZMERGKXRVSXD
339: MAOWGOMFNJHMV
340: VXQLIPLCOXEWI
341: RXTWFZWUATCCQ
342: PSKSXWWIQNWKU
343: WKEFBURKKJSRL
344: PQSYFIVWDPYZK
345: VXQRUHWRVWKXY
346: KGOCXCYFYEASV
347: ONPHSKUZOUGJX
348: JWGSMNJVEWHJA
349: QBWOSDNKXKVPR
350: ZCGGJYPTXLBAB
351: TEFREHLFFSCLJ
352: QWKXQWNJLYRZS
353: BHELLLXGLEBEH
354: CCEMLESVIQVEH
355: SUTFBRTOHBWSU
356: QSAZVXAQUQOPM
357: TNNEOMXRATBRP
358: ZVTKOKYWWWEMT
359: SWSNEHQDVWLVW
360: LLCDBKNHCXOGI
361: TIIQKEYNPKAFH
362: FXNSXYHRLWKEH
363: UDMZXQDLXNDPS
364: YMRFQQNQWXUSC
365: XBHBXFJEZKHIY
366: DMALHRZITFIVY
367: SZRKEORUYIGJJ
368: CNICHVJTZEXKZ
369: WEDRBMCOZHNVE
370: OFPVJZYPKHUDD
371: YTJZEXBBVJBNF
372: HZOPQZVRMLRRQ
373: KGPTVUGPXYPFI
374: PDHHXOIGMLPKL
375: GZYATIGKHYWCR
376: DAXZNAMGUCYHU
377: JUJNTPTJKQKIW
378: MVNWGAIVDXJJO
379: GJRRCZLIMLUXA
380: LAFFMQEULFQCT
381: SINFMUHPZXEKQ
382: YLJWJVEXMGWWU
383: ORQKGTNYBXOLE
384: PGPRLIACLNJHK
385: NNGURDFHSSPDG
386: VHQSKCKHARZBC
387: LJSOXPNAMPZJJ
388: USEIOEZNRYGRJ
389: JXAZLEKUIQTUS
390: AJKRDOJMTOIXW
391: SEIJLKWTALMRH
392: CDGUNLKOIMHBR
393: DUCYOYODWUYDW
394: COAPKQCOSTDQP
395: ODVZVOGPLSDIP
396: LGAAJREARBMMI
397: DHNLTPMUMNXBR
398: UEKQOJDWMQTQX
399: XBKDZAXDBBTIX
400: FGRYBQRDGTAOQ
401: ATSDRJRRYWCQQ
402: FIJRWDIRZRTEJ
403: WDZSJUYZAPDEO
404: EBXNOMVSCCFPW
405: FNQBCQXUTGLKV
406: FQDLMPLERHUIJ
407: COTLPAXDMTNDI
408: YESXSQNXNXWDI
409: BXETOEEWHIWMH
410: XJMLATIXOYSWF
411: KXISZPYJAHTDM
412: TUZMBSDEFESVH
413: YUYIORKTPXTTI
414: JMOEITCRXHUJL
415: RSSOBNGRXMTDY
416: URDJEIPXWQDPT
417: IXLMLQRWMRGMS
418: TPCIWAYFTNUBT
419: KQZQUGHXZYLFI
420: OZIHEMFAXOWJM
421: BAKMLAKDQYRLU
422: JTGMPEMIBSCMT
423: WVAZXBGWTJXII
424: XLERMGOYUHSXE
425: ZEKNZORBHSYCX
426: HZQJGPUPUSWRR
427: MICWCORGPFAIC
428: SLDGIAFMTMEED
429: CNFNJKWJVOTYQ
430: UGVGFNABDKSIE
431: NEJEHRUAPJQNY
432: AOAYHOBHXGKOI
433: HQCHISLGHQRBQ
434: JOVVYMZUTTXJW
435: EPPDAGHAVNHZK
436: EMUTTJAFAUOYF
437: ZENXMNBRLSLWX
438: LIOYFUPEYFYXS
439: IGJZVNPLTWDQQ
440: MBNYQFXBLSUWZ
441: LBMPADDOFXEBR
442: RTGOZIFYXCVXO
443: POROZUSKWCGSP
444: OFOMKISDZEMYH
445: BDMDWVAEGNCOX
446: BAHWOWZIEGEMW
447: JZHJYRCAEGENX
448: GAPLRCWLZUDUL
449: EZAYDVYHGKTRJ
450: GNTDHMWYLQYEW
451: CGJUMQZSZKUVW
452: LYVDEJFVPUKIC
453: FOMSQLMJWVPCF
454: SZBACIJITPDVT
455: PNBLNFZVHACMP
456: ICKJZUKZJBSFH
457: EENYHSHPUNWOY
458: BQBMBSOXLOGUA
459: XDWLJAYZPNCKG
460: TDBDLGBJUJNKK
461: SVZJJSBESEXWO
462: KWEMHZENZZFKC
463: NFXYNOMYUVPWH
464: EIFPHIJUBZXTU
465: CXNGVRUBTYIBU
466: UIOQBUYWYSDPP
467: GCGGAAYMBLESP
468: ORMTSMXWHISGE
469: ZIHWDCJSLUBHC
470: NLWIVCMOMLJSW
471: LRAJUQSTKMWWR
472: AKNSXYDZDVRFM
473: REGPYGUDVRZWZ
474: GIBYLRRQNWOMG
475: LOWQYHGPWFAEV
476: FXMAKLXIWOJMI
477: IANJHTIAZQKMT
478: AYIDIBHXITCTC
479: FWKVQSNIXBWKF
480: ZJCMDLHTOUJDP
481: SOWAGVQSXPSBZ
482: WTYPKKICTYYCA
483: VOWVWZBSVQYEY
484: HUDCRIKXRJUIC
485: ECUAPQMFKUHDT
486: QKMNIAMQQKXLR
487: ZUTJJNBUHKOUH
488: IBVJSJZPRPZTH
489: OKZZOSVMZKFYE
490: VBHLAKFYYINYY
491: TPFKHOLKHMJLT
492: TFWUOYDUQISBW
493: MDAYPPSOKIOSH
494: TEVRUZYULLKLF
495: ZBCXMZOGDRBGA
496: XGZXCWELDWMZS
497: ULHJWDDKJANUA
498: EDPAYIYXDUDUF
499: SEGIKILPUKQUC
500: VKCAIPNESGRKC
501: TFSQDQOJOKQRO
502: ZGYCPPMCPBDGV
503: XASTNFRBIEVWY
504: ECEEFRQZZPHCA
505: UCRVDYPFWMWNG
506: CZXGWTAUGOCDD
507: ZOUPBCUESHXVR
508: RWWSQKRZWLUYO
509: WXIJYTEJMJXEC
510: JDVQROCNJSYKA
511: IMESKEKLHJZWX
512: VUNBTJTSSUEUW
513: MQGGXHWCOWCMF
514: RKCBVVBAQIVJB
515: VUEHFQAMAEABI
516: LVMQGUXIHXVUO
517: LECTQKFYJAFMB
518: WFILVVSYRQSTD
519: JORTZWTSBFIEZ
520: MBAQVCMNDPCNM
521: KKDOAWQHRRCHI
522: LGJYAQMTRAGSK
523: XVBYLSWYGAOPS
524: BFBEPDFYLEJNO
525: MNSNOQRYMNQFP
526: PWHHKNVLZYQZC
527: NBNBPJPGUAJLD
528: TPJQKQHRHQLCW
529: XULIXXLNHIAGR
530: XICBPUBOIUNAK
531: TCJZUHYJWDMPL
532: SQIIELYSOFUUX
533: BBHFVJYNLGOZF
534: TTDFAPZZKVMNA
535: VYMHXQJCSODQM
536: TYJDXZHBAAGSI
537: VBJMWHUIFWJLV
538: SEMKFHQGGBNKU
539: SFVHIURGZSEJI
540: GKPTQLWYVNSRY
541: UUOQKRWRPEYQT
542: ESPYRAMNBGSFN
543: JQYKPQVDVYGSU
544: LIVTNCKEKTLOE
545: TVLNYKYKANLNK
546: JRLPAWFBBSALS
547: TQJNZPEKJILEK
548: GMSIWBEAEXMJB
549: MASFJMJWDIVUW
550: AJTBDUHEJMOWQ
551: GGTSNHOKQWEBD
552: VGQUJPVRYTWVL
553: AZSKCCFEEXPQV
554: UHCKENNGQAEHF
555: TVEHCQGDMJFOK
556: ROVFJYCSPTVCC
557: XSIARHSCWFNEB
558: KXXDCTJSKOHSB
559: APIUCAPEPEHHF
560: EFBOHDPAHZUDN
561: BHEWQIVXVPXRU
562: CDTBEBIFJGIQA
563: LSQNPOHURCHMW
564: TEGRJTOOKTOMR
565: RMJSSVMZCOITP
566: GXNYZHGVHVAGA
567: JEPBBEGVXZCTT
568: FKZDOWXYJNULN
569: ILELTIUIKSHWL
570: NFXCHYBUESMNV
571: PVUNTHBSMGDKF
572: SUMTVALBUHOBO
573: PVNYXMUITZNMG
574: HJQDOILWWJQZN
575: XEYBYNHRCKENA
576: PSHAXNMEMRNYN
577: GAHKIJSOHSWYC
578: YRRAZKJTVVVCA
579: ECMRRFJROJOPR
580: PLSJLLOQOWYPW
581: FJVUFTSJUWAIW
582: WDOTEVFAXAUHH
583: QZPKQGEQKDPIX
584: UQZLRQCNAIBXF
585: XEYVJOUAHACPS
586: CMIBLCLGMXDBD
587: PNZZQAFIQLLGP
588: SZIDFVSXVGONB
589: WIYDNIWAUCVXI
590: QKUZBLRSZZNLM
591: MHLHDECLOHKFM
592: EVZDBUHDEGJMZ
593: TYRMOIWDVDOGE
594: VKFALYFBRIXJY
595: ZNONTOZIFZCFP
596: IUHYFHKMGPMKS
597: PJUHAEZDMTWDT
598: VHQESFXYULNUT
599: PXXSGGJLBJREG
600: NDCGPMWZFPNCQ
601: TPVVZKWCIACMW
602: LJZLYWXNRUFMD
603: GIVSAVJFYFUXM
604: HIOVYLUPKYQMQ
605: VQVYWCTFYJRZN
606: TSJAXRIUUWIOQ
607: SIOVZYBAPFMQU
608: XDHIYSZOUWBZX
609: FBESROCEWWMTZ
610: QOADLADAMUKSV
611: SVHVRPAZZJBQG
612: ILNBWPVYSUKKH
613: IPGIZRUMLFRJC
614: IOZXROHCMVJHZ
615: TGTSMAEVMBJVH
616: TKOSLCGTRDIDP
617: WXWZPVYEWCNAM
618: ILCXZTVGAIPES
619: GUITLRDTCNBTG
620: PHJTNXIXHAMJD
621: KIUMRXGRAESYW
622: TVWTJEHFDOHUO
623: FMSKAACCFFIWY
624: XNWNOPIBYFAZJ
625: ZXOHHHXFNDSDO
626: CGJPCKTADTPUM
627: LPXBDVZLZHEVA
628: MTWHKZOBNKAXU
629: RVRRTIQADMPDU
630: GPFRBTMYQDDHW
631: EEEKRYRPFZYDF
632: UVZBNMPWFWMOM
633: PZKZAPWHRCVES
634: FDWDQYIUJYTWX
635: JGHBEBIQYSUEX
636: JJENRZSIFMZZH
637: CHQXHPBGDPYHZ
638: SWFHQQEKFINQU
639: IBHZAYGUDVRVV
640: MVRPCXYSHCKAN
641: YLHSVYQTJWJXX
642: GPMNOGMDZETSF
643: DIBCBYOWWDPVE
644: QBDYSARMUPUZX
645: TGPLVOGUONUQT
646: SVHSUZQBUWXZU
647: NDOMDUMLDJUTF
648: NVMJGFEWYYBWM
649: NTIOBBIVMAKPN
650: SKZOWGRIMMKJT
651: SGWSSDJXJYDPK
652: ZJOYQYGAHRBPL
653: CQRPFEBOEEKJU
654: XDNEPWGJGMRFR
655: OQLYTXYSRDNGH
656: GQTWJRMGUKVCE
657: ILKNRVFYXUZGU
658: DARGUORLZOMCW
659: JUMTKKWAOMKBL
660: FLTWRJHMSYAAO
661: NAKEUTKBBILZJ
662: WABMADKFRPUDS
663: BIJBHKUFWTXWM
664: XMPZMYUHQTBHB
665: WGUYHINOHJPGG
666: FUPTRERNMMCYB
667: JAFKVYBNJLDEM
668: LWEJGDIPNRTDV
669: RTUVFLZWQSGYA
670: EVMJDERAFANTC
671: YGECCVHYLEVLL
672: QLQFJIRKRGWSD
673: KVGGNBGIWTKFL
674: JRBBCRMDPHLGF
675: DBINPHSURVNAO
676: NMUPRNYXPRJRA
677: YGQAYUXRCOBSB
678: WTGUQDQJHMPCS
679: UVEUEHNWXJUYE
680: ERVGMNSQFBLOX
681: XSKKZZJPVEEKH
682: RXBHPZPFAGOOF
683: DWNAOITKLYFYM
684: VBHIFFGLXMHYM
685: FYFKFEXWNLOSU
686: BTMZYZPAVJTTB
687: WHRQUBYBLNFGO
688: OXWMLCHXVUHXL
689: YFQHRZTFGWIED
690: DPAUCNSKFDSHX
691: ALMSIBBCAYLPC
692: GTXEIXUCCCWYW
693: CYSRIQGGZIFFH
694: XIRSUSIKOFOSR
695: KNMLUCLUEBXMD
696: FVQRWFRQDZVRF
697: HHQUNLOQNLVSP
698: YXMNEXXNVEPWN
699: NKEZJUOWAAMKF
700: DMNEHXBRWEACB
701: BJRLXLPXTFZXO
702: KDEAGGDBVTVVI
703: TGNXURLOQFSQK
704: FIOVCBHIZVIAP
705: OOMYAQVUGFWAE
706: BZLKOIUVDWUBM
707: THZONSBAAMKSY
708: COXQQAFCHZQWZ
709: QTKPKNZFDULPZ
710: DCIKOIOYPDNHU
711: XCRNZAOFLWFPX
712: EZECXMNLXGIOP
713: VBFMUGPZEIZHI
714: GOACJHVKSXVUT
715: TXRRJUXQOXTUM
716: HRBODNHNIORTZ
717: SOSODXYQJKEIR
718: EYMTDCNBADHDQ
719: YTOVSSQCOJPTZ
720: CGQSRQRLBHYAE
721: XAYNDDWZVKWQK
722: MJTSJHXZFJWOR
723: JIYDGXSSEOLDP
724: FSEDZUPCXWLJG
725: SCJFQPYJMZUUX
726: QEUYPYBOTQISQ
727: FGLGRYMXYNXFE
728: JTKPCYKYHEXKX
729: TBVWYZGUORMJX
730: KWZPWWATUBAEB
731: EOHGUSWTGEEME
732: THPELYCOSVQFI
733: BSKDHGZQQEECG
734: AXXRDGVHRIXEF
735: IIBGLIIOWKHJZ
736: CGGCNSYVLSMLV
737: JHZCCHVJKSHKC
738: XDTNEBNKARLRL
739: VDHWGIFYGXPNE
740: WELVHUPGAMUKA
741: XPTWXLJSAJXHS
742: LZNKUTTNUHBNG
743: XHWUVAMXQZYXZ
744: BGVXVWXHJEUAW
745: KCAFNKKXYXXQO
746: MIIMNKAVERGOG
747: IFPTMBUPLREMJ
748: HKMOHFQRECQAX
749: MJOFXYKLOYTGK
750: COSCGONKXDFJA
751: SYKODXJHCEJMY
752: BAUDSIBXNFRAM
753: QDQRUIYTJUMTH
754: ILJKRVAVNZQRL
755: WYVCJNDCDLOPL
756: SKYZMFAZBDAOS
757: TGSWMUTVWVYWH
758: EFXONWJLPDXRG
759: WBMOPLIPGESQL
760: DOYYRKTTDJSIZ
761: XFCHQIKIVOHVL
762: YXQUVDSJCEMPW
763: KHLIYDHECWJRV
764: YXEWXMLOREQQY
765: WHMYQBNIRWPKS
766: YULEPQZLHZVXC
767: ZROIVKJRXHQYP
768: LTVCMSRWLMSPP
769: FGSEUIUCDPRMU
770: EZWKXRZINNZHH
771: GTMPJJMCCZVOO
772: VOUQCKBYFLBND
773: APMRIHVSBBJFN
774: FKWDHGRRSWOWZ
775: AMVTUBIDCQGIO
776: AHZZNSFHCHZQV
777: DZGUKTEMXIUYA
778: EKXOQGJLEVTXH
779: BTIOGPCRMWXRJ
780: SMUQUBXYGICOO
781: XYRVPMEPITDHW
782: TZIQIYSMAGRIW
783: RFUCJSWKOQVCV
784: RWCUSIKDCGBPT
785: QEKSLALEAUYSM
786: NOMWYNMHSXDVD
787: QYONSWSXZMGJW
788: PXJSNLIPKPIVK
789: XHUQRUHBGCOSS
790: EASHXWEKAFCIM
791: EGCMKRZQTTLEB
792: HPZKWPRWEZQEL
793: AMSPPNDFJKXNL
794: FPJOLKWVLUVQW
795: FZCUYQTNRTCLO
796: XYATBJNSHRIRI
797: MLVTDCDASNQGG
798: GDHMKTWCKPNEE
799: KKLQXVFIHSHRG
800: VQUXTHIADZZCN
